\BOOKMARK [0][-]{chapter*.2}{Declaration}{}% 1
\BOOKMARK [0][-]{chapter*.3}{Dedication}{}% 2
\BOOKMARK [1][-]{section*.4}{To my Teachers}{chapter*.3}% 3
\BOOKMARK [1][-]{section*.4}{To my Lecturers}{chapter*.3}% 4
\BOOKMARK [1][-]{section*.4}{Family \046 Friends}{chapter*.3}% 5
\BOOKMARK [0][-]{chapter*.5}{Acknowledgements}{}% 6
\BOOKMARK [0][-]{chapter*.6}{Introduction}{}% 7
\BOOKMARK [0][-]{chapter.1}{Rings, topologies, Banach algebras}{}% 8
\BOOKMARK [1][-]{section.1.1}{Introduction}{chapter.1}% 9
\BOOKMARK [1][-]{section.1.2}{Rings}{chapter.1}% 10
\BOOKMARK [2][-]{subsection.1.2.1}{Ideals}{section.1.2}% 11
\BOOKMARK [2][-]{subsection.1.2.2}{The Jacobson radical}{section.1.2}% 12
\BOOKMARK [2][-]{subsection.1.2.3}{Homomorphisms}{section.1.2}% 13
\BOOKMARK [1][-]{section.1.3}{Topologies}{chapter.1}% 14
\BOOKMARK [2][-]{subsection.1.3.1}{General notions}{section.1.3}% 15
\BOOKMARK [2][-]{subsection.1.3.2}{Product and quotient topologies}{section.1.3}% 16
\BOOKMARK [2][-]{subsection.1.3.3}{Separation}{section.1.3}% 17
\BOOKMARK [2][-]{subsection.1.3.4}{Continuity}{section.1.3}% 18
\BOOKMARK [2][-]{subsection.1.3.5}{Compactness}{section.1.3}% 19
\BOOKMARK [1][-]{section.1.4}{Topological groups and topological rings}{chapter.1}% 20
\BOOKMARK [1][-]{section.1.5}{Banach algebras}{chapter.1}% 21
\BOOKMARK [2][-]{subsection.1.5.1}{Spectral theory}{section.1.5}% 22
\BOOKMARK [2][-]{subsection.1.5.2}{Basic Operator Theory}{section.1.5}% 23
\BOOKMARK [0][-]{chapter.2}{The spectral topology in rings}{}% 24
\BOOKMARK [1][-]{section.2.1}{Introduction}{chapter.2}% 25
\BOOKMARK [2][-]{subsection.2.1.1}{Algebraic closure}{section.2.1}% 26
\BOOKMARK [1][-]{section.2.2}{The spectral topology on a ring}{chapter.2}% 27
\BOOKMARK [2][-]{subsection.2.2.1}{The spectral closure}{section.2.2}% 28
\BOOKMARK [2][-]{subsection.2.2.2}{Basic properties of the spectral closure}{section.2.2}% 29
\BOOKMARK [2][-]{subsection.2.2.3}{The spectral closure on products of rings}{section.2.2}% 30
\BOOKMARK [1][-]{section.2.3}{The spectral topology}{chapter.2}% 31
\BOOKMARK [2][-]{subsection.2.3.1}{The spectral topology on R / Rad R}{section.2.3}% 32
\BOOKMARK [0][-]{chapter.3}{Properties of the spectral topology}{}% 33
\BOOKMARK [1][-]{section.3.1}{Introduction}{chapter.3}% 34
\BOOKMARK [1][-]{section.3.2}{Joint and separate continuity}{chapter.3}% 35
\BOOKMARK [1][-]{section.3.3}{Comparison of closures}{chapter.3}% 36
\BOOKMARK [0][-]{chapter.4}{Quasinilpotents in general rings}{}% 37
\BOOKMARK [1][-]{section.4.1}{Introduction}{chapter.4}% 38
\BOOKMARK [1][-]{section.4.2}{Quasinilpotent elements in a ring}{chapter.4}% 39
\BOOKMARK [0][-]{chapter.5}{Idempotents and generalized inverses}{}% 40
\BOOKMARK [1][-]{section.5.1}{Introduction}{chapter.5}% 41
\BOOKMARK [1][-]{section.5.2}{Relatively Fredholm and relatively Weyl elements}{chapter.5}% 42
\BOOKMARK [0][-]{chapter.6}{Fredholm and Weyl elements}{}% 43
\BOOKMARK [1][-]{section.6.1}{Introduction}{chapter.6}% 44
\BOOKMARK [1][-]{section.6.2}{T-Fredholm and T-Weyl elements}{chapter.6}% 45
\BOOKMARK [1][-]{section.6.3}{Nearly invertible Fredholm, Weyl and weakly Riesz elements}{chapter.6}% 46
\BOOKMARK [0][-]{chapter.7}{Closure operations and Bass stable rank}{}% 47
\BOOKMARK [1][-]{section.7.1}{Introduction}{chapter.7}% 48
\BOOKMARK [1][-]{section.7.2}{The spectral closure in n dimensions}{chapter.7}% 49
\BOOKMARK [1][-]{section.7.3}{A second operation}{chapter.7}% 50
\BOOKMARK [0][-]{chapter.8}{Conclusion}{}% 51
\BOOKMARK [1][-]{section.8.1}{Introduction}{chapter.8}% 52
\BOOKMARK [1][-]{section.8.2}{Overview}{chapter.8}% 53
\BOOKMARK [1][-]{section.8.3}{Open Quesions}{chapter.8}% 54
\BOOKMARK [0][-]{chapter*.7}{List of Symbols}{}% 55
