This is pdfTeX, Version 3.14159265-2.6-1.40.20 (MiKTeX 2.9.7140 64-bit) (preloaded format=pdflatex 2019.9.18)  18 JAN 2022 08:53
entering extended mode
**./Francois_Dissertation_Final01.tex
(Francois_Dissertation_Final01.tex
LaTeX2e <2018-12-01>
("C:\Program Files\MiKTeX 2.9\tex/latex/base\book.cls"
Document Class: book 2018/09/03 v1.4i Standard LaTeX document class
("C:\Program Files\MiKTeX 2.9\tex/latex/base\bk12.clo"
File: bk12.clo 2018/09/03 v1.4i Standard LaTeX file (size option)
)
\c@part=\count80
\c@chapter=\count81
\c@section=\count82
\c@subsection=\count83
\c@subsubsection=\count84
\c@paragraph=\count85
\c@subparagraph=\count86
\c@figure=\count87
\c@table=\count88
\abovecaptionskip=\skip41
\belowcaptionskip=\skip42
\bibindent=\dimen102
)
\c@theorem=\count89
\c@innercustomthm=\count90

("C:\Program Files\MiKTeX 2.9\tex/latex/base\latexsym.sty"
Package: latexsym 1998/08/17 v2.2e Standard LaTeX package (lasy symbols)
\symlasy=\mathgroup4
LaTeX Font Info:    Overwriting symbol font `lasy' in version `bold'
(Font)                  U/lasy/m/n --> U/lasy/b/n on input line 52.
)
("C:\Program Files\MiKTeX 2.9\tex/latex/amsfonts\amssymb.sty"
Package: amssymb 2013/01/14 v3.01 AMS font symbols

("C:\Program Files\MiKTeX 2.9\tex/latex/amsfonts\amsfonts.sty"
Package: amsfonts 2013/01/14 v3.01 Basic AMSFonts support
\@emptytoks=\toks14
\symAMSa=\mathgroup5
\symAMSb=\mathgroup6
LaTeX Font Info:    Overwriting math alphabet `\mathfrak' in version `bold'
(Font)                  U/euf/m/n --> U/euf/b/n on input line 106.
))
("C:\Program Files\MiKTeX 2.9\tex/latex/amsmath\amsmath.sty"
Package: amsmath 2018/12/01 v2.17b AMS math features
\@mathmargin=\skip43

For additional information on amsmath, use the `?' option.
("C:\Program Files\MiKTeX 2.9\tex/latex/amsmath\amstext.sty"
Package: amstext 2000/06/29 v2.01 AMS text

("C:\Program Files\MiKTeX 2.9\tex/latex/amsmath\amsgen.sty"
File: amsgen.sty 1999/11/30 v2.0 generic functions
\@emptytoks=\toks15
\ex@=\dimen103
))
("C:\Program Files\MiKTeX 2.9\tex/latex/amsmath\amsbsy.sty"
Package: amsbsy 1999/11/29 v1.2d Bold Symbols
\pmbraise@=\dimen104
)
("C:\Program Files\MiKTeX 2.9\tex/latex/amsmath\amsopn.sty"
Package: amsopn 2016/03/08 v2.02 operator names
)
\inf@bad=\count91
LaTeX Info: Redefining \frac on input line 223.
\uproot@=\count92
\leftroot@=\count93
LaTeX Info: Redefining \overline on input line 385.
\classnum@=\count94
\DOTSCASE@=\count95
LaTeX Info: Redefining \ldots on input line 482.
LaTeX Info: Redefining \dots on input line 485.
LaTeX Info: Redefining \cdots on input line 606.
\Mathstrutbox@=\box27
\strutbox@=\box28
\big@size=\dimen105
LaTeX Font Info:    Redeclaring font encoding OML on input line 729.
LaTeX Font Info:    Redeclaring font encoding OMS on input line 730.
\macc@depth=\count96
\c@MaxMatrixCols=\count97
\dotsspace@=\muskip10
\c@parentequation=\count98
\dspbrk@lvl=\count99
\tag@help=\toks16
\row@=\count100
\column@=\count101
\maxfields@=\count102
\andhelp@=\toks17
\eqnshift@=\dimen106
\alignsep@=\dimen107
\tagshift@=\dimen108
\tagwidth@=\dimen109
\totwidth@=\dimen110
\lineht@=\dimen111
\@envbody=\toks18
\multlinegap=\skip44
\multlinetaggap=\skip45
\mathdisplay@stack=\toks19
LaTeX Info: Redefining \[ on input line 2844.
LaTeX Info: Redefining \] on input line 2845.
)
(C:\Users\aswartz\AppData\Roaming\MiKTeX\2.9\tex/latex/comment\comment.sty
\CommentStream=\write3

Excluding comment 'comment')
(C:\Users\aswartz\AppData\Roaming\MiKTeX\2.9\tex/latex/mathtools\mathtools.sty
Package: mathtools 2019/07/31 v1.22 mathematical typesetting tools

("C:\Program Files\MiKTeX 2.9\tex/latex/graphics\keyval.sty"
Package: keyval 2014/10/28 v1.15 key=value parser (DPC)
\KV@toks@=\toks20
)
("C:\Program Files\MiKTeX 2.9\tex/latex/tools\calc.sty"
Package: calc 2017/05/25 v4.3 Infix arithmetic (KKT,FJ)
\calc@Acount=\count103
\calc@Bcount=\count104
\calc@Adimen=\dimen112
\calc@Bdimen=\dimen113
\calc@Askip=\skip46
\calc@Bskip=\skip47
LaTeX Info: Redefining \setlength on input line 80.
LaTeX Info: Redefining \addtolength on input line 81.
\calc@Ccount=\count105
\calc@Cskip=\skip48
)
(C:\Users\aswartz\AppData\Roaming\MiKTeX\2.9\tex/latex/mathtools\mhsetup.sty
Package: mhsetup 2017/03/31 v1.3 programming setup (MH)
)
LaTeX Info: Thecontrolsequence`\('isalreadyrobust on input line 129.
LaTeX Info: Thecontrolsequence`\)'isalreadyrobust on input line 129.
LaTeX Info: Thecontrolsequence`\['isalreadyrobust on input line 129.
LaTeX Info: Thecontrolsequence`\]'isalreadyrobust on input line 129.
\g_MT_multlinerow_int=\count106
\l_MT_multwidth_dim=\dimen114
\origjot=\skip49
\l_MT_shortvdotswithinadjustabove_dim=\dimen115
\l_MT_shortvdotswithinadjustbelow_dim=\dimen116
\l_MT_above_intertext_sep=\dimen117
\l_MT_below_intertext_sep=\dimen118
\l_MT_above_shortintertext_sep=\dimen119
\l_MT_below_shortintertext_sep=\dimen120
)
(C:\Users\aswartz\AppData\Roaming\MiKTeX\2.9\tex/latex/pgfplots\pgfplots.sty
(C:\Users\aswartz\AppData\Roaming\MiKTeX\2.9\tex/generic/pgfplots\pgfplots.revi
sion.tex)
Package: pgfplots 2018/03/28 v1.16 Data Visualization (1.16)
 ("C:\Program Files\MiKTeX 2.9\tex/latex/graphics\graphicx.sty"
Package: graphicx 2017/06/01 v1.1a Enhanced LaTeX Graphics (DPC,SPQR)

("C:\Program Files\MiKTeX 2.9\tex/latex/graphics\graphics.sty"
Package: graphics 2017/06/25 v1.2c Standard LaTeX Graphics (DPC,SPQR)

("C:\Program Files\MiKTeX 2.9\tex/latex/graphics\trig.sty"
Package: trig 2016/01/03 v1.10 sin cos tan (DPC)
)
("C:\Program Files\MiKTeX 2.9\tex/latex/graphics-cfg\graphics.cfg"
File: graphics.cfg 2016/06/04 v1.11 sample graphics configuration
)
Package graphics Info: Driver file: pdftex.def on input line 99.

("C:\Program Files\MiKTeX 2.9\tex/latex/graphics-def\pdftex.def"
File: pdftex.def 2018/01/08 v1.0l Graphics/color driver for pdftex
))
\Gin@req@height=\dimen121
\Gin@req@width=\dimen122
)
(C:\Users\aswartz\AppData\Roaming\MiKTeX\2.9\tex/latex/pgf/frontendlayer\tikz.s
ty
(C:\Users\aswartz\AppData\Roaming\MiKTeX\2.9\tex/latex/pgf/basiclayer\pgf.sty
(C:\Users\aswartz\AppData\Roaming\MiKTeX\2.9\tex/latex/pgf/utilities\pgfrcs.sty

(C:\Users\aswartz\AppData\Roaming\MiKTeX\2.9\tex/generic/pgf/utilities\pgfutil-
common.tex
\pgfutil@everybye=\toks21
\pgfutil@tempdima=\dimen123
\pgfutil@tempdimb=\dimen124

(C:\Users\aswartz\AppData\Roaming\MiKTeX\2.9\tex/generic/pgf/utilities\pgfutil-
common-lists.tex))
(C:\Users\aswartz\AppData\Roaming\MiKTeX\2.9\tex/generic/pgf/utilities\pgfutil-
latex.def
\pgfutil@abb=\box29

(C:\Users\aswartz\AppData\Roaming\MiKTeX\2.9\tex/latex/ms\everyshi.sty
Package: everyshi 2001/05/15 v3.00 EveryShipout Package (MS)
))
(C:\Users\aswartz\AppData\Roaming\MiKTeX\2.9\tex/generic/pgf/utilities\pgfrcs.c
ode.tex
(C:\Users\aswartz\AppData\Roaming\MiKTeX\2.9\tex/generic/pgf\pgf.revision.tex)
Package: pgfrcs 2019/08/03 v3.1.4b (3.1.4b)
))
Package: pgf 2019/08/03 v3.1.4b (3.1.4b)

(C:\Users\aswartz\AppData\Roaming\MiKTeX\2.9\tex/latex/pgf/basiclayer\pgfcore.s
ty
(C:\Users\aswartz\AppData\Roaming\MiKTeX\2.9\tex/latex/pgf/systemlayer\pgfsys.s
ty
(C:\Users\aswartz\AppData\Roaming\MiKTeX\2.9\tex/generic/pgf/systemlayer\pgfsys
.code.tex
Package: pgfsys 2019/08/03 v3.1.4b (3.1.4b)

(C:\Users\aswartz\AppData\Roaming\MiKTeX\2.9\tex/generic/pgf/utilities\pgfkeys.
code.tex
\pgfkeys@pathtoks=\toks22
\pgfkeys@temptoks=\toks23

(C:\Users\aswartz\AppData\Roaming\MiKTeX\2.9\tex/generic/pgf/utilities\pgfkeysf
iltered.code.tex
\pgfkeys@tmptoks=\toks24
))
\pgf@x=\dimen125
\pgf@y=\dimen126
\pgf@xa=\dimen127
\pgf@ya=\dimen128
\pgf@xb=\dimen129
\pgf@yb=\dimen130
\pgf@xc=\dimen131
\pgf@yc=\dimen132
\pgf@xd=\dimen133
\pgf@yd=\dimen134
\w@pgf@writea=\write4
\r@pgf@reada=\read1
\c@pgf@counta=\count107
\c@pgf@countb=\count108
\c@pgf@countc=\count109
\c@pgf@countd=\count110
\t@pgf@toka=\toks25
\t@pgf@tokb=\toks26
\t@pgf@tokc=\toks27
\pgf@sys@id@count=\count111

(C:\Users\aswartz\AppData\Roaming\MiKTeX\2.9\tex/generic/pgf/systemlayer\pgf.cf
g
File: pgf.cfg 2019/08/03 v3.1.4b (3.1.4b)
)
Driver file for pgf: pgfsys-pdftex.def

(C:\Users\aswartz\AppData\Roaming\MiKTeX\2.9\tex/generic/pgf/systemlayer\pgfsys
-pdftex.def
File: pgfsys-pdftex.def 2019/08/03 v3.1.4b (3.1.4b)

(C:\Users\aswartz\AppData\Roaming\MiKTeX\2.9\tex/generic/pgf/systemlayer\pgfsys
-common-pdf.def
File: pgfsys-common-pdf.def 2019/08/03 v3.1.4b (3.1.4b)
)))
(C:\Users\aswartz\AppData\Roaming\MiKTeX\2.9\tex/generic/pgf/systemlayer\pgfsys
softpath.code.tex
File: pgfsyssoftpath.code.tex 2019/08/03 v3.1.4b (3.1.4b)
\pgfsyssoftpath@smallbuffer@items=\count112
\pgfsyssoftpath@bigbuffer@items=\count113
)
(C:\Users\aswartz\AppData\Roaming\MiKTeX\2.9\tex/generic/pgf/systemlayer\pgfsys
protocol.code.tex
File: pgfsysprotocol.code.tex 2019/08/03 v3.1.4b (3.1.4b)
))
(C:\Users\aswartz\AppData\Roaming\MiKTeX\2.9\tex/latex/xcolor\xcolor.sty
Package: xcolor 2016/05/11 v2.12 LaTeX color extensions (UK)

("C:\Program Files\MiKTeX 2.9\tex/latex/graphics-cfg\color.cfg"
File: color.cfg 2016/01/02 v1.6 sample color configuration
)
Package xcolor Info: Driver file: pdftex.def on input line 225.
Package xcolor Info: Model `cmy' substituted by `cmy0' on input line 1348.
Package xcolor Info: Model `hsb' substituted by `rgb' on input line 1352.
Package xcolor Info: Model `RGB' extended on input line 1364.
Package xcolor Info: Model `HTML' substituted by `rgb' on input line 1366.
Package xcolor Info: Model `Hsb' substituted by `hsb' on input line 1367.
Package xcolor Info: Model `tHsb' substituted by `hsb' on input line 1368.
Package xcolor Info: Model `HSB' substituted by `hsb' on input line 1369.
Package xcolor Info: Model `Gray' substituted by `gray' on input line 1370.
Package xcolor Info: Model `wave' substituted by `hsb' on input line 1371.
)
(C:\Users\aswartz\AppData\Roaming\MiKTeX\2.9\tex/generic/pgf/basiclayer\pgfcore
.code.tex
Package: pgfcore 2019/08/03 v3.1.4b (3.1.4b)

(C:\Users\aswartz\AppData\Roaming\MiKTeX\2.9\tex/generic/pgf/math\pgfmath.code.
tex
(C:\Users\aswartz\AppData\Roaming\MiKTeX\2.9\tex/generic/pgf/math\pgfmathcalc.c
ode.tex
(C:\Users\aswartz\AppData\Roaming\MiKTeX\2.9\tex/generic/pgf/math\pgfmathutil.c
ode.tex)
(C:\Users\aswartz\AppData\Roaming\MiKTeX\2.9\tex/generic/pgf/math\pgfmathparser
.code.tex
\pgfmath@dimen=\dimen135
\pgfmath@count=\count114
\pgfmath@box=\box30
\pgfmath@toks=\toks28
\pgfmath@stack@operand=\toks29
\pgfmath@stack@operation=\toks30
)
(C:\Users\aswartz\AppData\Roaming\MiKTeX\2.9\tex/generic/pgf/math\pgfmathfuncti
ons.code.tex
(C:\Users\aswartz\AppData\Roaming\MiKTeX\2.9\tex/generic/pgf/math\pgfmathfuncti
ons.basic.code.tex)
(C:\Users\aswartz\AppData\Roaming\MiKTeX\2.9\tex/generic/pgf/math\pgfmathfuncti
ons.trigonometric.code.tex)
(C:\Users\aswartz\AppData\Roaming\MiKTeX\2.9\tex/generic/pgf/math\pgfmathfuncti
ons.random.code.tex)
(C:\Users\aswartz\AppData\Roaming\MiKTeX\2.9\tex/generic/pgf/math\pgfmathfuncti
ons.comparison.code.tex)
(C:\Users\aswartz\AppData\Roaming\MiKTeX\2.9\tex/generic/pgf/math\pgfmathfuncti
ons.base.code.tex)
(C:\Users\aswartz\AppData\Roaming\MiKTeX\2.9\tex/generic/pgf/math\pgfmathfuncti
ons.round.code.tex)
(C:\Users\aswartz\AppData\Roaming\MiKTeX\2.9\tex/generic/pgf/math\pgfmathfuncti
ons.misc.code.tex)
(C:\Users\aswartz\AppData\Roaming\MiKTeX\2.9\tex/generic/pgf/math\pgfmathfuncti
ons.integerarithmetics.code.tex)))
(C:\Users\aswartz\AppData\Roaming\MiKTeX\2.9\tex/generic/pgf/math\pgfmathfloat.
code.tex
\c@pgfmathroundto@lastzeros=\count115
))
(C:\Users\aswartz\AppData\Roaming\MiKTeX\2.9\tex/generic/pgf/math\pgfint.code.t
ex)
(C:\Users\aswartz\AppData\Roaming\MiKTeX\2.9\tex/generic/pgf/basiclayer\pgfcore
points.code.tex
File: pgfcorepoints.code.tex 2019/08/03 v3.1.4b (3.1.4b)
\pgf@picminx=\dimen136
\pgf@picmaxx=\dimen137
\pgf@picminy=\dimen138
\pgf@picmaxy=\dimen139
\pgf@pathminx=\dimen140
\pgf@pathmaxx=\dimen141
\pgf@pathminy=\dimen142
\pgf@pathmaxy=\dimen143
\pgf@xx=\dimen144
\pgf@xy=\dimen145
\pgf@yx=\dimen146
\pgf@yy=\dimen147
\pgf@zx=\dimen148
\pgf@zy=\dimen149
)
(C:\Users\aswartz\AppData\Roaming\MiKTeX\2.9\tex/generic/pgf/basiclayer\pgfcore
pathconstruct.code.tex
File: pgfcorepathconstruct.code.tex 2019/08/03 v3.1.4b (3.1.4b)
\pgf@path@lastx=\dimen150
\pgf@path@lasty=\dimen151
)
(C:\Users\aswartz\AppData\Roaming\MiKTeX\2.9\tex/generic/pgf/basiclayer\pgfcore
pathusage.code.tex
File: pgfcorepathusage.code.tex 2019/08/03 v3.1.4b (3.1.4b)
\pgf@shorten@end@additional=\dimen152
\pgf@shorten@start@additional=\dimen153
)
(C:\Users\aswartz\AppData\Roaming\MiKTeX\2.9\tex/generic/pgf/basiclayer\pgfcore
scopes.code.tex
File: pgfcorescopes.code.tex 2019/08/03 v3.1.4b (3.1.4b)
\pgfpic=\box31
\pgf@hbox=\box32
\pgf@layerbox@main=\box33
\pgf@picture@serial@count=\count116
)
(C:\Users\aswartz\AppData\Roaming\MiKTeX\2.9\tex/generic/pgf/basiclayer\pgfcore
graphicstate.code.tex
File: pgfcoregraphicstate.code.tex 2019/08/03 v3.1.4b (3.1.4b)
\pgflinewidth=\dimen154
)
(C:\Users\aswartz\AppData\Roaming\MiKTeX\2.9\tex/generic/pgf/basiclayer\pgfcore
transformations.code.tex
File: pgfcoretransformations.code.tex 2019/08/03 v3.1.4b (3.1.4b)
\pgf@pt@x=\dimen155
\pgf@pt@y=\dimen156
\pgf@pt@temp=\dimen157
)
(C:\Users\aswartz\AppData\Roaming\MiKTeX\2.9\tex/generic/pgf/basiclayer\pgfcore
quick.code.tex
File: pgfcorequick.code.tex 2019/08/03 v3.1.4b (3.1.4b)
)
(C:\Users\aswartz\AppData\Roaming\MiKTeX\2.9\tex/generic/pgf/basiclayer\pgfcore
objects.code.tex
File: pgfcoreobjects.code.tex 2019/08/03 v3.1.4b (3.1.4b)
)
(C:\Users\aswartz\AppData\Roaming\MiKTeX\2.9\tex/generic/pgf/basiclayer\pgfcore
pathprocessing.code.tex
File: pgfcorepathprocessing.code.tex 2019/08/03 v3.1.4b (3.1.4b)
)
(C:\Users\aswartz\AppData\Roaming\MiKTeX\2.9\tex/generic/pgf/basiclayer\pgfcore
arrows.code.tex
File: pgfcorearrows.code.tex 2019/08/03 v3.1.4b (3.1.4b)
\pgfarrowsep=\dimen158
)
(C:\Users\aswartz\AppData\Roaming\MiKTeX\2.9\tex/generic/pgf/basiclayer\pgfcore
shade.code.tex
File: pgfcoreshade.code.tex 2019/08/03 v3.1.4b (3.1.4b)
\pgf@max=\dimen159
\pgf@sys@shading@range@num=\count117
\pgf@shadingcount=\count118
)
(C:\Users\aswartz\AppData\Roaming\MiKTeX\2.9\tex/generic/pgf/basiclayer\pgfcore
image.code.tex
File: pgfcoreimage.code.tex 2019/08/03 v3.1.4b (3.1.4b)

(C:\Users\aswartz\AppData\Roaming\MiKTeX\2.9\tex/generic/pgf/basiclayer\pgfcore
external.code.tex
File: pgfcoreexternal.code.tex 2019/08/03 v3.1.4b (3.1.4b)
\pgfexternal@startupbox=\box34
))
(C:\Users\aswartz\AppData\Roaming\MiKTeX\2.9\tex/generic/pgf/basiclayer\pgfcore
layers.code.tex
File: pgfcorelayers.code.tex 2019/08/03 v3.1.4b (3.1.4b)
)
(C:\Users\aswartz\AppData\Roaming\MiKTeX\2.9\tex/generic/pgf/basiclayer\pgfcore
transparency.code.tex
File: pgfcoretransparency.code.tex 2019/08/03 v3.1.4b (3.1.4b)
)
(C:\Users\aswartz\AppData\Roaming\MiKTeX\2.9\tex/generic/pgf/basiclayer\pgfcore
patterns.code.tex
File: pgfcorepatterns.code.tex 2019/08/03 v3.1.4b (3.1.4b)
)
(C:\Users\aswartz\AppData\Roaming\MiKTeX\2.9\tex/generic/pgf/basiclayer\pgfcore
rdf.code.tex
File: pgfcorerdf.code.tex 2019/08/03 v3.1.4b (3.1.4b)
)))
(C:\Users\aswartz\AppData\Roaming\MiKTeX\2.9\tex/generic/pgf/modules\pgfmodules
hapes.code.tex
File: pgfmoduleshapes.code.tex 2019/08/03 v3.1.4b (3.1.4b)
\pgfnodeparttextbox=\box35
)
(C:\Users\aswartz\AppData\Roaming\MiKTeX\2.9\tex/generic/pgf/modules\pgfmodulep
lot.code.tex
File: pgfmoduleplot.code.tex 2019/08/03 v3.1.4b (3.1.4b)
)
(C:\Users\aswartz\AppData\Roaming\MiKTeX\2.9\tex/latex/pgf/compatibility\pgfcom
p-version-0-65.sty
Package: pgfcomp-version-0-65 2019/08/03 v3.1.4b (3.1.4b)
\pgf@nodesepstart=\dimen160
\pgf@nodesepend=\dimen161
)
(C:\Users\aswartz\AppData\Roaming\MiKTeX\2.9\tex/latex/pgf/compatibility\pgfcom
p-version-1-18.sty
Package: pgfcomp-version-1-18 2019/08/03 v3.1.4b (3.1.4b)
))
(C:\Users\aswartz\AppData\Roaming\MiKTeX\2.9\tex/latex/pgf/utilities\pgffor.sty

(C:\Users\aswartz\AppData\Roaming\MiKTeX\2.9\tex/latex/pgf/utilities\pgfkeys.st
y
(C:\Users\aswartz\AppData\Roaming\MiKTeX\2.9\tex/generic/pgf/utilities\pgfkeys.
code.tex))
(C:\Users\aswartz\AppData\Roaming\MiKTeX\2.9\tex/latex/pgf/math\pgfmath.sty
(C:\Users\aswartz\AppData\Roaming\MiKTeX\2.9\tex/generic/pgf/math\pgfmath.code.
tex))
(C:\Users\aswartz\AppData\Roaming\MiKTeX\2.9\tex/generic/pgf/utilities\pgffor.c
ode.tex
Package: pgffor 2019/08/03 v3.1.4b (3.1.4b)

(C:\Users\aswartz\AppData\Roaming\MiKTeX\2.9\tex/generic/pgf/math\pgfmath.code.
tex)
\pgffor@iter=\dimen162
\pgffor@skip=\dimen163
\pgffor@stack=\toks31
\pgffor@toks=\toks32
))
(C:\Users\aswartz\AppData\Roaming\MiKTeX\2.9\tex/generic/pgf/frontendlayer/tikz
\tikz.code.tex
Package: tikz 2019/08/03 v3.1.4b (3.1.4b)

(C:\Users\aswartz\AppData\Roaming\MiKTeX\2.9\tex/generic/pgf/libraries\pgflibra
ryplothandlers.code.tex
File: pgflibraryplothandlers.code.tex 2019/08/03 v3.1.4b (3.1.4b)
\pgf@plot@mark@count=\count119
\pgfplotmarksize=\dimen164
)
\tikz@lastx=\dimen165
\tikz@lasty=\dimen166
\tikz@lastxsaved=\dimen167
\tikz@lastysaved=\dimen168
\tikz@lastmovetox=\dimen169
\tikz@lastmovetoy=\dimen170
\tikzleveldistance=\dimen171
\tikzsiblingdistance=\dimen172
\tikz@figbox=\box36
\tikz@figbox@bg=\box37
\tikz@tempbox=\box38
\tikz@tempbox@bg=\box39
\tikztreelevel=\count120
\tikznumberofchildren=\count121
\tikznumberofcurrentchild=\count122
\tikz@fig@count=\count123

(C:\Users\aswartz\AppData\Roaming\MiKTeX\2.9\tex/generic/pgf/modules\pgfmodulem
atrix.code.tex
File: pgfmodulematrix.code.tex 2019/08/03 v3.1.4b (3.1.4b)
\pgfmatrixcurrentrow=\count124
\pgfmatrixcurrentcolumn=\count125
\pgf@matrix@numberofcolumns=\count126
)
\tikz@expandcount=\count127

(C:\Users\aswartz\AppData\Roaming\MiKTeX\2.9\tex/generic/pgf/frontendlayer/tikz
/libraries\tikzlibrarytopaths.code.tex
File: tikzlibrarytopaths.code.tex 2019/08/03 v3.1.4b (3.1.4b)
)))
(C:\Users\aswartz\AppData\Roaming\MiKTeX\2.9\tex/generic/pgfplots\pgfplots.code
.tex
(C:\Users\aswartz\AppData\Roaming\MiKTeX\2.9\tex/generic/pgfplots\pgfplotscore.
code.tex
\t@pgfplots@toka=\toks33
\t@pgfplots@tokb=\toks34
\t@pgfplots@tokc=\toks35
\pgfplots@tmpa=\dimen173
\c@pgfplots@coordindex=\count128
\c@pgfplots@scanlineindex=\count129

(C:\Users\aswartz\AppData\Roaming\MiKTeX\2.9\tex/generic/pgfplots/sys\pgfplotss
ysgeneric.code.tex))
(C:\Users\aswartz\AppData\Roaming\MiKTeX\2.9\tex/generic/pgfplots/libs\pgfplots
library.code.tex)
(C:\Users\aswartz\AppData\Roaming\MiKTeX\2.9\tex/generic/pgfplots/oldpgfcompati
b\pgfplotsoldpgfsupp_loader.code.tex
(C:\Users\aswartz\AppData\Roaming\MiKTeX\2.9\tex/generic/pgf/libraries\pgflibra
ryfpu.code.tex))
(C:\Users\aswartz\AppData\Roaming\MiKTeX\2.9\tex/generic/pgfplots/util\pgfplots
util.code.tex
(C:\Users\aswartz\AppData\Roaming\MiKTeX\2.9\tex/generic/pgfplots/liststructure
\pgfplotsliststructure.code.tex)
(C:\Users\aswartz\AppData\Roaming\MiKTeX\2.9\tex/generic/pgfplots/liststructure
\pgfplotsliststructureext.code.tex)
(C:\Users\aswartz\AppData\Roaming\MiKTeX\2.9\tex/generic/pgfplots/liststructure
\pgfplotsarray.code.tex
\c@pgfplotsarray@tmp=\count130
)
(C:\Users\aswartz\AppData\Roaming\MiKTeX\2.9\tex/generic/pgfplots/liststructure
\pgfplotsmatrix.code.tex)
(C:\Users\aswartz\AppData\Roaming\MiKTeX\2.9\tex/generic/pgfplots/numtable\pgfp
lotstableshared.code.tex
\c@pgfplotstable@counta=\count131
\t@pgfplotstable@a=\toks36
)
(C:\Users\aswartz\AppData\Roaming\MiKTeX\2.9\tex/generic/pgfplots/liststructure
\pgfplotsdeque.code.tex)
(C:\Users\aswartz\AppData\Roaming\MiKTeX\2.9\tex/generic/pgfplots/util\pgfplots
binary.code.tex
(C:\Users\aswartz\AppData\Roaming\MiKTeX\2.9\tex/generic/pgfplots/util\pgfplots
binary.data.code.tex))
(C:\Users\aswartz\AppData\Roaming\MiKTeX\2.9\tex/generic/pgfplots/util\pgfplots
util.verb.code.tex)
(C:\Users\aswartz\AppData\Roaming\MiKTeX\2.9\tex/generic/pgfplots/libs\pgflibra
rypgfplots.surfshading.code.tex
\c@pgfplotslibrarysurf@no=\count132

(C:\Users\aswartz\AppData\Roaming\MiKTeX\2.9\tex/generic/pgfplots/sys\pgflibrar
ypgfplots.surfshading.pgfsys-pdftex.def)))
(C:\Users\aswartz\AppData\Roaming\MiKTeX\2.9\tex/generic/pgfplots/util\pgfplots
colormap.code.tex
(C:\Users\aswartz\AppData\Roaming\MiKTeX\2.9\tex/generic/pgfplots/util\pgfplots
color.code.tex))
(C:\Users\aswartz\AppData\Roaming\MiKTeX\2.9\tex/generic/pgfplots\pgfplotsstack
edplots.code.tex)
(C:\Users\aswartz\AppData\Roaming\MiKTeX\2.9\tex/generic/pgfplots\pgfplotsploth
andlers.code.tex
(C:\Users\aswartz\AppData\Roaming\MiKTeX\2.9\tex/generic/pgfplots\pgfplotsmeshp
lothandler.code.tex
(C:\Users\aswartz\AppData\Roaming\MiKTeX\2.9\tex/generic/pgfplots\pgfplotsmeshp
lotimage.code.tex)))
(C:\Users\aswartz\AppData\Roaming\MiKTeX\2.9\tex/generic/pgfplots\pgfplots.scal
ing.code.tex)
(C:\Users\aswartz\AppData\Roaming\MiKTeX\2.9\tex/generic/pgfplots\pgfplotscoord
processing.code.tex)
(C:\Users\aswartz\AppData\Roaming\MiKTeX\2.9\tex/generic/pgfplots\pgfplots.erro
rbars.code.tex)
(C:\Users\aswartz\AppData\Roaming\MiKTeX\2.9\tex/generic/pgfplots\pgfplots.mark
ers.code.tex)
(C:\Users\aswartz\AppData\Roaming\MiKTeX\2.9\tex/generic/pgfplots\pgfplotsticks
.code.tex)
(C:\Users\aswartz\AppData\Roaming\MiKTeX\2.9\tex/generic/pgfplots\pgfplots.path
s.code.tex)
(C:\Users\aswartz\AppData\Roaming\MiKTeX\2.9\tex/generic/pgf/frontendlayer/tikz
/libraries\tikzlibrarydecorations.code.tex
(C:\Users\aswartz\AppData\Roaming\MiKTeX\2.9\tex/generic/pgf/modules\pgfmoduled
ecorations.code.tex
\pgfdecoratedcompleteddistance=\dimen174
\pgfdecoratedremainingdistance=\dimen175
\pgfdecoratedinputsegmentcompleteddistance=\dimen176
\pgfdecoratedinputsegmentremainingdistance=\dimen177
\pgf@decorate@distancetomove=\dimen178
\pgf@decorate@repeatstate=\count133
\pgfdecorationsegmentamplitude=\dimen179
\pgfdecorationsegmentlength=\dimen180
)
\tikz@lib@dec@box=\box40
)
(C:\Users\aswartz\AppData\Roaming\MiKTeX\2.9\tex/generic/pgf/frontendlayer/tikz
/libraries\tikzlibrarydecorations.pathmorphing.code.tex
(C:\Users\aswartz\AppData\Roaming\MiKTeX\2.9\tex/generic/pgf/libraries/decorati
ons\pgflibrarydecorations.pathmorphing.code.tex))
(C:\Users\aswartz\AppData\Roaming\MiKTeX\2.9\tex/generic/pgf/frontendlayer/tikz
/libraries\tikzlibrarydecorations.pathreplacing.code.tex
(C:\Users\aswartz\AppData\Roaming\MiKTeX\2.9\tex/generic/pgf/libraries/decorati
ons\pgflibrarydecorations.pathreplacing.code.tex))
\pgfplots@numplots=\count134
\pgfplots@xmin@reg=\dimen181
\pgfplots@xmax@reg=\dimen182
\pgfplots@ymin@reg=\dimen183
\pgfplots@ymax@reg=\dimen184
\pgfplots@zmin@reg=\dimen185
\pgfplots@zmax@reg=\dimen186
)
(C:\Users\aswartz\AppData\Roaming\MiKTeX\2.9\tex/generic/pgf/frontendlayer/tikz
/libraries\tikzlibraryplotmarks.code.tex
File: tikzlibraryplotmarks.code.tex 2019/08/03 v3.1.4b (3.1.4b)

(C:\Users\aswartz\AppData\Roaming\MiKTeX\2.9\tex/generic/pgf/libraries\pgflibra
ryplotmarks.code.tex
File: pgflibraryplotmarks.code.tex 2019/08/03 v3.1.4b (3.1.4b)
)))
("C:\Program Files\MiKTeX 2.9\tex/latex/tools\enumerate.sty"
Package: enumerate 2015/07/23 v3.00 enumerate extensions (DPC)
\@enLab=\toks37
)
(C:\Users\aswartz\AppData\Roaming\MiKTeX\2.9\tex/latex/enumitem\enumitem.sty
Package: enumitem 2019/06/20 v3.9 Customized lists
\labelindent=\skip50
\enit@outerparindent=\dimen187
\enit@toks=\toks38
\enit@inbox=\box41
\enit@count@id=\count135
\enitdp@description=\count136
)
("C:\Program Files\MiKTeX 2.9\tex/latex/geometry\geometry.sty"
Package: geometry 2018/04/16 v5.8 Page Geometry

("C:\Program Files\MiKTeX 2.9\tex/generic/oberdiek\ifpdf.sty"
Package: ifpdf 2018/09/07 v3.3 Provides the ifpdf switch
)
("C:\Program Files\MiKTeX 2.9\tex/generic/oberdiek\ifvtex.sty"
Package: ifvtex 2016/05/16 v1.6 Detect VTeX and its facilities (HO)
Package ifvtex Info: VTeX not detected.
)
("C:\Program Files\MiKTeX 2.9\tex/generic/ifxetex\ifxetex.sty"
Package: ifxetex 2010/09/12 v0.6 Provides ifxetex conditional
)
\Gm@cnth=\count137
\Gm@cntv=\count138
\c@Gm@tempcnt=\count139
\Gm@bindingoffset=\dimen188
\Gm@wd@mp=\dimen189
\Gm@odd@mp=\dimen190
\Gm@even@mp=\dimen191
\Gm@layoutwidth=\dimen192
\Gm@layoutheight=\dimen193
\Gm@layouthoffset=\dimen194
\Gm@layoutvoffset=\dimen195
\Gm@dimlist=\toks39

("C:\Program Files\MiKTeX 2.9\tex/latex/geometry\geometry.cfg"))
(C:\Users\aswartz\AppData\Roaming\MiKTeX\2.9\tex/latex/titlesec\titlesec.sty
Package: titlesec 2019/10/16 v2.13 Sectioning titles
\ttl@box=\box42
\beforetitleunit=\skip51
\aftertitleunit=\skip52
\ttl@plus=\dimen196
\ttl@minus=\dimen197
\ttl@toksa=\toks40
\titlewidth=\dimen198
\titlewidthlast=\dimen199
\titlewidthfirst=\dimen256
)
("C:\Program Files\MiKTeX 2.9\tex/latex/tools\tabularx.sty"
Package: tabularx 2016/02/03 v2.11b `tabularx' package (DPC)

("C:\Program Files\MiKTeX 2.9\tex/latex/tools\array.sty"
Package: array 2018/12/30 v2.4k Tabular extension package (FMi)
\col@sep=\dimen257
\ar@mcellbox=\box43
\extrarowheight=\dimen258
\NC@list=\toks41
\extratabsurround=\skip53
\backup@length=\skip54
\ar@cellbox=\box44
)
\TX@col@width=\dimen259
\TX@old@table=\dimen260
\TX@old@col=\dimen261
\TX@target=\dimen262
\TX@delta=\dimen263
\TX@cols=\count140
\TX@ftn=\toks42
)
(C:\Users\aswartz\AppData\Roaming\MiKTeX\2.9\tex/latex/nomencl\nomencl.sty
Package: nomencl 2020/12/29 v5.5 Nomenclature package

("C:\Program Files\MiKTeX 2.9\tex/latex/xkeyval\xkeyval.sty"
Package: xkeyval 2014/12/03 v2.7a package option processing (HA)

("C:\Program Files\MiKTeX 2.9\tex/generic/xkeyval\xkeyval.tex"
("C:\Program Files\MiKTeX 2.9\tex/generic/xkeyval\xkvutils.tex"
\XKV@toks=\toks43
\XKV@tempa@toks=\toks44
)
\XKV@depth=\count141
File: xkeyval.tex 2014/12/03 v2.7a key=value parser (HA)
))
("C:\Program Files\MiKTeX 2.9\tex/latex/base\ifthen.sty"
Package: ifthen 2014/09/29 v1.1c Standard LaTeX ifthen package (DPC)
)
(C:\Users\aswartz\AppData\Roaming\MiKTeX\2.9\tex/latex/koma-script\tocbasic.sty
Package: tocbasic 2021/06/25 v3.34 KOMA-Script package (handling toc-files)
(C:\Users\aswartz\AppData\Roaming\MiKTeX\2.9\tex/latex/koma-script\scrbase.sty
Package: scrbase 2021/06/25 v3.34 KOMA-Script package (KOMA-Script-independent 
basics and keyval usage)

(C:\Users\aswartz\AppData\Roaming\MiKTeX\2.9\tex/latex/koma-script\scrlfile.sty
Package: scrlfile 2021/06/25 v3.34 KOMA-Script package (file load hooks)

(C:\Users\aswartz\AppData\Roaming\MiKTeX\2.9\tex/latex/koma-script\scrlfile-pat
choldlatex.sty
Package: scrlfile-patcholdlatex 2021/06/25 v3.34 KOMA-Script package (patching 
old LaTeX kernels)

(C:\Users\aswartz\AppData\Roaming\MiKTeX\2.9\tex/latex/koma-script\scrlogo.sty
Package: scrlogo 2021/06/25 v3.34 KOMA-Script package (logo)
))
(C:\Users\aswartz\AppData\Roaming\MiKTeX\2.9\tex/latex/l3packages/xparse\xparse
.sty (C:\Users\aswartz\AppData\Roaming\MiKTeX\2.9\tex/latex/l3kernel\expl3.sty
Package: expl3 2019-10-02 L3 programming layer (loader) 

(C:\Users\aswartz\AppData\Roaming\MiKTeX\2.9\tex/latex/l3kernel\expl3-code.tex
Package: expl3 2019-10-02 L3 programming layer (code)
\c_max_int=\count142
\l_tmpa_int=\count143
\l_tmpb_int=\count144
\g_tmpa_int=\count145
\g_tmpb_int=\count146
\l__seq_internal_a_int=\count147
\l__seq_internal_b_int=\count148
\g__kernel_prg_map_int=\count149
\c__ior_term_noprompt_ior=\count150
\c_log_iow=\count151
\l_iow_line_count_int=\count152
\l__iow_line_target_int=\count153
\l__iow_one_indent_int=\count154
\l__iow_indent_int=\count155
\c_zero_dim=\dimen264
\c_max_dim=\dimen265
\l_tmpa_dim=\dimen266
\l_tmpb_dim=\dimen267
\g_tmpa_dim=\dimen268
\g_tmpb_dim=\dimen269
\c_zero_skip=\skip55
\c_max_skip=\skip56
\l_tmpa_skip=\skip57
\l_tmpb_skip=\skip58
\g_tmpa_skip=\skip59
\g_tmpb_skip=\skip60
\c_zero_muskip=\muskip11
\c_max_muskip=\muskip12
\l_tmpa_muskip=\muskip13
\l_tmpb_muskip=\muskip14
\g_tmpa_muskip=\muskip15
\g_tmpb_muskip=\muskip16
\l_keys_choice_int=\count156
\l__intarray_loop_int=\count157
\c__intarray_sp_dim=\dimen270
\g__intarray_font_int=\count158
\c__fp_leading_shift_int=\count159
\c__fp_middle_shift_int=\count160
\c__fp_trailing_shift_int=\count161
\c__fp_big_leading_shift_int=\count162
\c__fp_big_middle_shift_int=\count163
\c__fp_big_trailing_shift_int=\count164
\c__fp_Bigg_leading_shift_int=\count165
\c__fp_Bigg_middle_shift_int=\count166
\c__fp_Bigg_trailing_shift_int=\count167
\c__kernel_randint_max_int=\count168
\g__fp_array_int=\count169
\l__fp_array_loop_int=\count170
\l__sort_length_int=\count171
\l__sort_min_int=\count172
\l__sort_top_int=\count173
\l__sort_max_int=\count174
\l__sort_true_max_int=\count175
\l__sort_block_int=\count176
\l__sort_begin_int=\count177
\l__sort_end_int=\count178
\l__sort_A_int=\count179
\l__sort_B_int=\count180
\l__sort_C_int=\count181
\l__str_internal_int=\count182
\c__str_replacement_char_int=\count183
\l__tl_analysis_normal_int=\count184
\l__tl_analysis_index_int=\count185
\l__tl_analysis_nesting_int=\count186
\l__tl_analysis_type_int=\count187
\l__regex_internal_a_int=\count188
\l__regex_internal_b_int=\count189
\l__regex_internal_c_int=\count190
\l__regex_balance_int=\count191
\l__regex_group_level_int=\count192
\l__regex_mode_int=\count193
\c__regex_cs_in_class_mode_int=\count194
\c__regex_cs_mode_int=\count195
\l__regex_catcodes_int=\count196
\l__regex_default_catcodes_int=\count197
\c__regex_catcode_D_int=\count198
\c__regex_catcode_S_int=\count199
\c__regex_catcode_L_int=\count266
\c__regex_catcode_O_int=\count267
\c__regex_catcode_A_int=\count268
\c__regex_all_catcodes_int=\count269
\l__regex_show_lines_int=\count270
\l__regex_min_state_int=\count271
\l__regex_max_state_int=\count272
\l__regex_left_state_int=\count273
\l__regex_right_state_int=\count274
\l__regex_capturing_group_int=\count275
\l__regex_min_pos_int=\count276
\l__regex_max_pos_int=\count277
\l__regex_curr_pos_int=\count278
\l__regex_start_pos_int=\count279
\l__regex_success_pos_int=\count280
\l__regex_curr_char_int=\count281
\l__regex_curr_catcode_int=\count282
\l__regex_last_char_int=\count283
\l__regex_case_changed_char_int=\count284
\l__regex_curr_state_int=\count285
\l__regex_step_int=\count286
\l__regex_min_active_int=\count287
\l__regex_max_active_int=\count288
\l__regex_replacement_csnames_int=\count289
\l__regex_match_count_int=\count290
\l__regex_min_submatch_int=\count291
\l__regex_submatch_int=\count292
\l__regex_zeroth_submatch_int=\count293
\g__regex_trace_regex_int=\count294
\c_empty_box=\box45
\l_tmpa_box=\box46
\l_tmpb_box=\box47
\g_tmpa_box=\box48
\g_tmpb_box=\box49
\l__box_top_dim=\dimen271
\l__box_bottom_dim=\dimen272
\l__box_left_dim=\dimen273
\l__box_right_dim=\dimen274
\l__box_top_new_dim=\dimen275
\l__box_bottom_new_dim=\dimen276
\l__box_left_new_dim=\dimen277
\l__box_right_new_dim=\dimen278
\l__box_internal_box=\box50
\l__coffin_internal_box=\box51
\l__coffin_internal_dim=\dimen279
\l__coffin_offset_x_dim=\dimen280
\l__coffin_offset_y_dim=\dimen281
\l__coffin_x_dim=\dimen282
\l__coffin_y_dim=\dimen283
\l__coffin_x_prime_dim=\dimen284
\l__coffin_y_prime_dim=\dimen285
\c_empty_coffin=\box52
\l__coffin_aligned_coffin=\box53
\l__coffin_aligned_internal_coffin=\box54
\l_tmpa_coffin=\box55
\l_tmpb_coffin=\box56
\g_tmpa_coffin=\box57
\g_tmpb_coffin=\box58
\l__coffin_bounding_shift_dim=\dimen286
\l__coffin_left_corner_dim=\dimen287
\l__coffin_right_corner_dim=\dimen288
\l__coffin_bottom_corner_dim=\dimen289
\l__coffin_top_corner_dim=\dimen290
\l__coffin_scaled_total_height_dim=\dimen291
\l__coffin_scaled_width_dim=\dimen292
\c__coffin_empty_coffin=\box59
\l__coffin_display_coffin=\box60
\l__coffin_display_coord_coffin=\box61
\l__coffin_display_pole_coffin=\box62
\l__coffin_display_offset_dim=\dimen293
\l__coffin_display_x_dim=\dimen294
\l__coffin_display_y_dim=\dimen295
\g__char_data_ior=\read2

(C:\Users\aswartz\AppData\Roaming\MiKTeX\2.9\tex/latex/l3kernel\l3deprecation.d
ef
File: l3deprecation.def 2019-04-06 v L3 Deprecated functions
))
(C:\Users\aswartz\AppData\Roaming\MiKTeX\2.9\tex/latex/l3backend\l3backend-pdfm
ode.def
File: l3backend-pdfmode.def 2019-04-06 v L3 backend support: PDF mode
\l__kernel_color_stack_int=\count295
\l__pdf_internal_box=\box63
))
Package: xparse 2019-05-28 L3 Experimental document command parser
\l__xparse_current_arg_int=\count296
\g__xparse_grabber_int=\count297
\l__xparse_m_args_int=\count298
\l__xparse_v_nesting_int=\count299
))
Skipping: [2021/05/01] Usage of raw or classic option list on input line 252.
Applying: [0000/00/00] Usage of raw or classic option list on input line 368.
)
\scr@dte@tocline@numberwidth=\skip61
\scr@dte@tocline@numbox=\box64
)
Package tocbasic Info: setting babel extension for `nlo' on input line 187.
Package tocbasic Info: setting babel extension for `nls' on input line 188.
\nomlabelwidth=\dimen296
\nom@tempdim=\dimen297
\nomitemsep=\skip62
) ("C:\Program Files\MiKTeX 2.9\tex/latex/jknappen\mathrsfs.sty"
Package: mathrsfs 1996/01/01 Math RSFS package v1.0 (jk)
\symrsfs=\mathgroup7
)
(C:\Users\aswartz\AppData\Roaming\MiKTeX\2.9\tex/latex/extarrows\extarrows.sty
Package: extarrows 2020/03/12 v1.2.0 Some extensible arrows
) (C:\Users\aswartz\AppData\Roaming\MiKTeX\2.9\tex/latex/mdframed\mdframed.sty
Package: mdframed 2013/07/01 1.9b: mdframed

("C:\Program Files\MiKTeX 2.9\tex/latex/oberdiek\kvoptions.sty"
Package: kvoptions 2016/05/16 v3.12 Key value format for package options (HO)

("C:\Program Files\MiKTeX 2.9\tex/generic/oberdiek\ltxcmds.sty"
Package: ltxcmds 2016/05/16 v1.23 LaTeX kernel commands for general use (HO)
)
("C:\Program Files\MiKTeX 2.9\tex/generic/oberdiek\kvsetkeys.sty"
Package: kvsetkeys 2016/05/16 v1.17 Key value parser (HO)

("C:\Program Files\MiKTeX 2.9\tex/generic/oberdiek\infwarerr.sty"
Package: infwarerr 2016/05/16 v1.4 Providing info/warning/error messages (HO)
)
("C:\Program Files\MiKTeX 2.9\tex/generic/oberdiek\etexcmds.sty"
Package: etexcmds 2016/05/16 v1.6 Avoid name clashes with e-TeX commands (HO)

("C:\Program Files\MiKTeX 2.9\tex/generic/oberdiek\ifluatex.sty"
Package: ifluatex 2016/05/16 v1.4 Provides the ifluatex switch (HO)
Package ifluatex Info: LuaTeX not detected.
))))
(C:\Users\aswartz\AppData\Roaming\MiKTeX\2.9\tex/latex/etoolbox\etoolbox.sty
Package: etoolbox 2019/09/21 v2.5h e-TeX tools for LaTeX (JAW)
\etb@tempcnta=\count300
)
("C:\Program Files\MiKTeX 2.9\tex/latex/oberdiek\zref-abspage.sty"
Package: zref-abspage 2018/11/21 v2.27 Module abspage for zref (HO)

("C:\Program Files\MiKTeX 2.9\tex/latex/oberdiek\zref-base.sty"
Package: zref-base 2018/11/21 v2.27 Module base for zref (HO)

("C:\Program Files\MiKTeX 2.9\tex/generic/oberdiek\kvdefinekeys.sty"
Package: kvdefinekeys 2016/05/16 v1.4 Define keys (HO)
)
("C:\Program Files\MiKTeX 2.9\tex/generic/oberdiek\pdftexcmds.sty"
Package: pdftexcmds 2019/07/25 v0.30 Utility functions of pdfTeX for LuaTeX (HO
)
Package pdftexcmds Info: LuaTeX not detected.
Package pdftexcmds Info: \pdf@primitive is available.
Package pdftexcmds Info: \pdf@ifprimitive is available.
Package pdftexcmds Info: \pdfdraftmode found.
)
("C:\Program Files\MiKTeX 2.9\tex/latex/oberdiek\auxhook.sty"
Package: auxhook 2016/05/16 v1.4 Hooks for auxiliary files (HO)
)
Package zref Info: New property list: main on input line 759.
Package zref Info: New property: default on input line 760.
Package zref Info: New property: page on input line 761.
)
("C:\Program Files\MiKTeX 2.9\tex/generic/oberdiek\atbegshi.sty"
Package: atbegshi 2016/06/09 v1.18 At begin shipout hook (HO)
)
\c@abspage=\count301
Package zref Info: New property: abspage on input line 62.
)
(C:\Users\aswartz\AppData\Roaming\MiKTeX\2.9\tex/latex/needspace\needspace.sty
Package: needspace 2010/09/12 v1.3d reserve vertical space
)
\mdf@templength=\skip63
\c@mdf@globalstyle@cnt=\count302
\mdf@skipabove@length=\skip64
\mdf@skipbelow@length=\skip65
\mdf@leftmargin@length=\skip66
\mdf@rightmargin@length=\skip67
\mdf@innerleftmargin@length=\skip68
\mdf@innerrightmargin@length=\skip69
\mdf@innertopmargin@length=\skip70
\mdf@innerbottommargin@length=\skip71
\mdf@splittopskip@length=\skip72
\mdf@splitbottomskip@length=\skip73
\mdf@outermargin@length=\skip74
\mdf@innermargin@length=\skip75
\mdf@linewidth@length=\skip76
\mdf@innerlinewidth@length=\skip77
\mdf@middlelinewidth@length=\skip78
\mdf@outerlinewidth@length=\skip79
\mdf@roundcorner@length=\skip80
\mdf@footenotedistance@length=\skip81
\mdf@userdefinedwidth@length=\skip82
\mdf@needspace@length=\skip83
\mdf@frametitleaboveskip@length=\skip84
\mdf@frametitlebelowskip@length=\skip85
\mdf@frametitlerulewidth@length=\skip86
\mdf@frametitleleftmargin@length=\skip87
\mdf@frametitlerightmargin@length=\skip88
\mdf@shadowsize@length=\skip89
\mdf@extratopheight@length=\skip90
\mdf@subtitleabovelinewidth@length=\skip91
\mdf@subtitlebelowlinewidth@length=\skip92
\mdf@subtitleaboveskip@length=\skip93
\mdf@subtitlebelowskip@length=\skip94
\mdf@subtitleinneraboveskip@length=\skip95
\mdf@subtitleinnerbelowskip@length=\skip96
\mdf@subsubtitleabovelinewidth@length=\skip97
\mdf@subsubtitlebelowlinewidth@length=\skip98
\mdf@subsubtitleaboveskip@length=\skip99
\mdf@subsubtitlebelowskip@length=\skip100
\mdf@subsubtitleinneraboveskip@length=\skip101
\mdf@subsubtitleinnerbelowskip@length=\skip102
(C:\Users\aswartz\AppData\Roaming\MiKTeX\2.9\tex/latex/mdframed\md-frame-0.mdf
File: md-frame-0.mdf 2013/07/01\ 1.9b: md-frame-0
)
\mdf@frametitlebox=\box65
\mdf@footnotebox=\box66
\mdf@splitbox@one=\box67
\mdf@splitbox@two=\box68
\mdf@splitbox@save=\box69
\mdfsplitboxwidth=\skip103
\mdfsplitboxtotalwidth=\skip104
\mdfsplitboxheight=\skip105
\mdfsplitboxdepth=\skip106
\mdfsplitboxtotalheight=\skip107
\mdfframetitleboxwidth=\skip108
\mdfframetitleboxtotalwidth=\skip109
\mdfframetitleboxheight=\skip110
\mdfframetitleboxdepth=\skip111
\mdfframetitleboxtotalheight=\skip112
\mdffootnoteboxwidth=\skip113
\mdffootnoteboxtotalwidth=\skip114
\mdffootnoteboxheight=\skip115
\mdffootnoteboxdepth=\skip116
\mdffootnoteboxtotalheight=\skip117
\mdftotallinewidth=\skip118
\mdfboundingboxwidth=\skip119
\mdfboundingboxtotalwidth=\skip120
\mdfboundingboxheight=\skip121
\mdfboundingboxdepth=\skip122
\mdfboundingboxtotalheight=\skip123
\mdf@freevspace@length=\skip124
\mdf@horizontalwidthofbox@length=\skip125
\mdf@verticalmarginwhole@length=\skip126
\mdf@horizontalspaceofbox=\skip127
\mdfsubtitleheight=\skip128
\mdfsubsubtitleheight=\skip129
\c@mdfcountframes=\count303

****** mdframed patching \endmdf@trivlist

****** -- success******

\mdf@envdepth=\count304
\c@mdf@env@i=\count305
\c@mdf@env@ii=\count306
\c@mdf@zref@counter=\count307
Package zref Info: New property: mdf@pagevalue on input line 895.
) ("C:\Program Files\MiKTeX 2.9\tex/generic/babel\babel.sty"
Package: babel 2019/07/19 3.33 The Babel package

("C:\Program Files\MiKTeX 2.9\tex/generic/babel\switch.def"
File: switch.def 2019/07/19 3.33 Babel switching mechanism
)
*************************************
* Local config file bblopts.cfg used
*
(C:\Users\aswartz\AppData\Roaming\MiKTeX\2.9\tex/latex/arabi\bblopts.cfg
File: bblopts.cfg 2005/09/08 v0.1 add Arabic and Farsi to "declared" options of
 babel
)
("C:\Program Files\MiKTeX 2.9\tex/latex/babel-english\british.ldf"
Language: british 2017/06/06 v3.3r English support from the babel system

("C:\Program Files\MiKTeX 2.9\tex/latex/babel-english\english.ldf"
Language: english 2017/06/06 v3.3r English support from the babel system

("C:\Program Files\MiKTeX 2.9\tex/generic/babel\babel.def"
File: babel.def 2019/07/19 3.33 Babel common definitions
\babel@savecnt=\count308
\U@D=\dimen298

("C:\Program Files\MiKTeX 2.9\tex/generic/babel\txtbabel.def")
\bbl@dirlevel=\count309
)
\l@canadian = a dialect from \language\l@american 
\l@australian = a dialect from \language\l@british 
\l@newzealand = a dialect from \language\l@british 
)))
(C:\Users\aswartz\AppData\Roaming\MiKTeX\2.9\tex/latex/datetime2\datetime2.sty
Package: datetime2 2021/03/21 v1.5.7 (NLCT) date and time formats

(C:\Users\aswartz\AppData\Roaming\MiKTeX\2.9\tex/latex/tracklang\tracklang.sty
Package: tracklang 2020/06/30 v1.5 (NLCT) Track Languages

(C:\Users\aswartz\AppData\Roaming\MiKTeX\2.9\tex/generic/tracklang\tracklang.te
x))
(C:\Users\aswartz\AppData\Roaming\MiKTeX\2.9\tex/latex/datetime2-english\dateti
me2-en-GB.ldf
File: datetime2-en-GB.ldf 2019/10/21 v1.05 (NLCT)

(C:\Users\aswartz\AppData\Roaming\MiKTeX\2.9\tex/latex/datetime2-english\dateti
me2-english-base.ldf
File: datetime2-english-base.ldf 2019/10/21 v1.05 (NLCT)
)))
(C:\Users\aswartz\AppData\Roaming\MiKTeX\2.9\tex/latex/lipsum\lipsum.sty
Package: lipsum 2019/01/02 v2.2 150 paragraphs of Lorem Ipsum dummy text

(C:\Users\aswartz\AppData\Roaming\MiKTeX\2.9\tex/latex/lipsum\lipsum.ltd.tex
File: lipsum.ltd.tex 2019/01/02 v2.2 The Lorem ipsum dummy text
))
("C:\Program Files\MiKTeX 2.9\tex/latex/lm\lmodern.sty"
Package: lmodern 2009/10/30 v1.6 Latin Modern Fonts
LaTeX Font Info:    Overwriting symbol font `operators' in version `normal'
(Font)                  OT1/cmr/m/n --> OT1/lmr/m/n on input line 22.
LaTeX Font Info:    Overwriting symbol font `letters' in version `normal'
(Font)                  OML/cmm/m/it --> OML/lmm/m/it on input line 23.
LaTeX Font Info:    Overwriting symbol font `symbols' in version `normal'
(Font)                  OMS/cmsy/m/n --> OMS/lmsy/m/n on input line 24.
LaTeX Font Info:    Overwriting symbol font `largesymbols' in version `normal'
(Font)                  OMX/cmex/m/n --> OMX/lmex/m/n on input line 25.
LaTeX Font Info:    Overwriting symbol font `operators' in version `bold'
(Font)                  OT1/cmr/bx/n --> OT1/lmr/bx/n on input line 26.
LaTeX Font Info:    Overwriting symbol font `letters' in version `bold'
(Font)                  OML/cmm/b/it --> OML/lmm/b/it on input line 27.
LaTeX Font Info:    Overwriting symbol font `symbols' in version `bold'
(Font)                  OMS/cmsy/b/n --> OMS/lmsy/b/n on input line 28.
LaTeX Font Info:    Overwriting symbol font `largesymbols' in version `bold'
(Font)                  OMX/cmex/m/n --> OMX/lmex/m/n on input line 29.
LaTeX Font Info:    Overwriting math alphabet `\mathbf' in version `normal'
(Font)                  OT1/cmr/bx/n --> OT1/lmr/bx/n on input line 31.
LaTeX Font Info:    Overwriting math alphabet `\mathsf' in version `normal'
(Font)                  OT1/cmss/m/n --> OT1/lmss/m/n on input line 32.
LaTeX Font Info:    Overwriting math alphabet `\mathit' in version `normal'
(Font)                  OT1/cmr/m/it --> OT1/lmr/m/it on input line 33.
LaTeX Font Info:    Overwriting math alphabet `\mathtt' in version `normal'
(Font)                  OT1/cmtt/m/n --> OT1/lmtt/m/n on input line 34.
LaTeX Font Info:    Overwriting math alphabet `\mathbf' in version `bold'
(Font)                  OT1/cmr/bx/n --> OT1/lmr/bx/n on input line 35.
LaTeX Font Info:    Overwriting math alphabet `\mathsf' in version `bold'
(Font)                  OT1/cmss/bx/n --> OT1/lmss/bx/n on input line 36.
LaTeX Font Info:    Overwriting math alphabet `\mathit' in version `bold'
(Font)                  OT1/cmr/bx/it --> OT1/lmr/bx/it on input line 37.
LaTeX Font Info:    Overwriting math alphabet `\mathtt' in version `bold'
(Font)                  OT1/cmtt/m/n --> OT1/lmtt/m/n on input line 38.
)
(C:\Users\aswartz\AppData\Roaming\MiKTeX\2.9\tex/latex/tcolorbox\tcolorbox.sty
Package: tcolorbox 2020/10/09 version 4.42 text color boxes

("C:\Program Files\MiKTeX 2.9\tex/latex/tools\verbatim.sty"
Package: verbatim 2014/10/28 v1.5q LaTeX2e package for verbatim enhancements
\every@verbatim=\toks45
\verbatim@line=\toks46
\verbatim@in@stream=\read3
)
(C:\Users\aswartz\AppData\Roaming\MiKTeX\2.9\tex/latex/environ\environ.sty
Package: environ 2014/05/04 v0.3 A new way to define environments

(C:\Users\aswartz\AppData\Roaming\MiKTeX\2.9\tex/latex/trimspaces\trimspaces.st
y
Package: trimspaces 2009/09/17 v1.1 Trim spaces around a token list
))
\tcb@titlebox=\box70
\tcb@upperbox=\box71
\tcb@lowerbox=\box72
\tcb@phantombox=\box73
\c@tcbbreakpart=\count310
\c@tcblayer=\count311
\c@tcolorbox@number=\count312
\tcb@temp=\box74
\tcb@temp=\box75
\tcb@temp=\box76
\tcb@temp=\box77
\tcb@out=\write5
\tcb@record@out=\write6
) ("C:\Program Files\MiKTeX 2.9\tex/latex/hyperref\hyperref.sty"
Package: hyperref 2019/09/12 v6.88i Hypertext links for LaTeX

("C:\Program Files\MiKTeX 2.9\tex/generic/oberdiek\hobsub-hyperref.sty"
Package: hobsub-hyperref 2016/05/16 v1.14 Bundle oberdiek, subset hyperref (HO)


("C:\Program Files\MiKTeX 2.9\tex/generic/oberdiek\hobsub-generic.sty"
Package: hobsub-generic 2016/05/16 v1.14 Bundle oberdiek, subset generic (HO)
Package: hobsub 2016/05/16 v1.14 Construct package bundles (HO)
Package hobsub Info: Skipping package `infwarerr' (already loaded).
Package hobsub Info: Skipping package `ltxcmds' (already loaded).
Package hobsub Info: Skipping package `ifluatex' (already loaded).
Package hobsub Info: Skipping package `ifvtex' (already loaded).
Package: intcalc 2016/05/16 v1.2 Expandable calculations with integers (HO)
Package hobsub Info: Skipping package `ifpdf' (already loaded).
Package hobsub Info: Skipping package `etexcmds' (already loaded).
Package hobsub Info: Skipping package `kvsetkeys' (already loaded).
Package hobsub Info: Skipping package `kvdefinekeys' (already loaded).
Package hobsub Info: Skipping package `pdftexcmds' (already loaded).
Package: pdfescape 2016/05/16 v1.14 Implements pdfTeX's escape features (HO)
Package: bigintcalc 2016/05/16 v1.4 Expandable calculations on big integers (HO
)
Package: bitset 2016/05/16 v1.2 Handle bit-vector datatype (HO)
Package: uniquecounter 2016/05/16 v1.3 Provide unlimited unique counter (HO)
)
Package hobsub Info: Skipping package `hobsub' (already loaded).
Package: letltxmacro 2016/05/16 v1.5 Let assignment for LaTeX macros (HO)
Package: hopatch 2016/05/16 v1.3 Wrapper for package hooks (HO)
Package: xcolor-patch 2016/05/16 xcolor patch
Package: atveryend 2016/05/16 v1.9 Hooks at the very end of document (HO)
Package hobsub Info: Skipping package `atbegshi' (already loaded).
Package: refcount 2016/05/16 v3.5 Data extraction from label references (HO)
Package: hycolor 2016/05/16 v1.8 Color options for hyperref/bookmark (HO)
)
\@linkdim=\dimen299
\Hy@linkcounter=\count313
\Hy@pagecounter=\count314

("C:\Program Files\MiKTeX 2.9\tex/latex/hyperref\pd1enc.def"
File: pd1enc.def 2019/09/12 v6.88i Hyperref: PDFDocEncoding definition (HO)
Now handling font encoding PD1 ...
... no UTF-8 mapping file for font encoding PD1
)
\Hy@SavedSpaceFactor=\count315

("C:\Program Files\MiKTeX 2.9\tex/latex/00miktex\hyperref.cfg"
File: hyperref.cfg 2002/06/06 v1.2 hyperref configuration of TeXLive
)
Package hyperref Info: Hyper figures OFF on input line 4550.
Package hyperref Info: Link nesting OFF on input line 4555.
Package hyperref Info: Hyper index ON on input line 4558.
Package hyperref Info: Plain pages OFF on input line 4565.
Package hyperref Info: Backreferencing OFF on input line 4570.
Package hyperref Info: Implicit mode ON; LaTeX internals redefined.
Package hyperref Info: Bookmarks ON on input line 4803.
\c@Hy@tempcnt=\count316

(C:\Users\aswartz\AppData\Roaming\MiKTeX\2.9\tex/latex/url\url.sty
\Urlmuskip=\muskip17
Package: url 2013/09/16  ver 3.4  Verb mode for urls, etc.
)
LaTeX Info: Redefining \url on input line 5156.
\XeTeXLinkMargin=\dimen300
\Fld@menulength=\count317
\Field@Width=\dimen301
\Fld@charsize=\dimen302
Package hyperref Info: Hyper figures OFF on input line 6411.
Package hyperref Info: Link nesting OFF on input line 6416.
Package hyperref Info: Hyper index ON on input line 6419.
Package hyperref Info: backreferencing OFF on input line 6426.
Package hyperref Info: Link coloring OFF on input line 6431.
Package hyperref Info: Link coloring with OCG OFF on input line 6436.
Package hyperref Info: PDF/A mode OFF on input line 6441.
LaTeX Info: Redefining \ref on input line 6481.
LaTeX Info: Redefining \pageref on input line 6485.
\Hy@abspage=\count318
\c@Item=\count319
\c@Hfootnote=\count320
)
Package hyperref Info: Driver (autodetected): hpdftex.

("C:\Program Files\MiKTeX 2.9\tex/latex/hyperref\hpdftex.def"
File: hpdftex.def 2019/09/12 v6.88i Hyperref driver for pdfTeX
\HyAnn@Count=\count321
\Fld@listcount=\count322
\c@bookmark@seq@number=\count323

("C:\Program Files\MiKTeX 2.9\tex/latex/oberdiek\rerunfilecheck.sty"
Package: rerunfilecheck 2016/05/16 v1.8 Rerun checks for auxiliary files (HO)
Package uniquecounter Info: New unique counter `rerunfilecheck' on input line 2
82.
)
\Hy@SectionHShift=\skip130
)
Package hyperref Info: Option `colorlinks' set `true' on input line 108.

("C:\Program Files\MiKTeX 2.9\tex/latex/oberdiek\transparent.sty"
Package: transparent 2018/11/18 v1.3 Transparency via pdfTeX's color stack (HO)

)
(C:\Users\aswartz\AppData\Roaming\MiKTeX\2.9\tex/latex/background\background.st
y
Package: background 2014/03/04 v2.1 background material

(C:\Users\aswartz\AppData\Roaming\MiKTeX\2.9\tex/latex/everypage\everypage.sty
Package: everypage 2007/06/20 1.1 Hooks to run on every page
) ("C:\Program Files\MiKTeX 2.9\tex/latex/tools\afterpage.sty"
Package: afterpage 2014/10/28 v1.08 After-Page Package (DPC)
\AP@output=\toks47
\AP@partial=\box78
\AP@footins=\box79
))
(Francois_Dissertation_Final01.aux)
\openout1 = `Francois_Dissertation_Final01.aux'.

LaTeX Font Info:    Checking defaults for OML/cmm/m/it on input line 131.
LaTeX Font Info:    ... okay on input line 131.
LaTeX Font Info:    Checking defaults for T1/cmr/m/n on input line 131.
LaTeX Font Info:    ... okay on input line 131.
LaTeX Font Info:    Checking defaults for OT1/cmr/m/n on input line 131.
LaTeX Font Info:    ... okay on input line 131.
LaTeX Font Info:    Checking defaults for OMS/cmsy/m/n on input line 131.
LaTeX Font Info:    ... okay on input line 131.
LaTeX Font Info:    Checking defaults for OMX/cmex/m/n on input line 131.
LaTeX Font Info:    ... okay on input line 131.
LaTeX Font Info:    Checking defaults for U/cmr/m/n on input line 131.
LaTeX Font Info:    ... okay on input line 131.
LaTeX Font Info:    Checking defaults for PD1/pdf/m/n on input line 131.
LaTeX Font Info:    ... okay on input line 131.
LaTeX Font Info:    Try loading font information for OT1+lmr on input line 131.


("C:\Program Files\MiKTeX 2.9\tex/latex/lm\ot1lmr.fd"
File: ot1lmr.fd 2009/10/30 v1.6 Font defs for Latin Modern
)
(C:\Users\aswartz\AppData\Roaming\MiKTeX\2.9\tex/context/base/mkii\supp-pdf.mki
i
[Loading MPS to PDF converter (version 2006.09.02).]
\scratchcounter=\count324
\scratchdimen=\dimen303
\scratchbox=\box80
\nofMPsegments=\count325
\nofMParguments=\count326
\everyMPshowfont=\toks48
\MPscratchCnt=\count327
\MPscratchDim=\dimen304
\MPnumerator=\count328
\makeMPintoPDFobject=\count329
\everyMPtoPDFconversion=\toks49
) ("C:\Program Files\MiKTeX 2.9\tex/latex/oberdiek\epstopdf-base.sty"
Package: epstopdf-base 2016/05/15 v2.6 Base part for package epstopdf

("C:\Program Files\MiKTeX 2.9\tex/latex/oberdiek\grfext.sty"
Package: grfext 2016/05/16 v1.2 Manage graphics extensions (HO)
)
Package epstopdf-base Info: Redefining graphics rule for `.eps' on input line 4
38.
Package grfext Info: Graphics extension search list:
(grfext)             [.pdf,.png,.jpg,.mps,.jpeg,.jbig2,.jb2,.PDF,.PNG,.JPG,.JPE
G,.JBIG2,.JB2,.eps]
(grfext)             \AppendGraphicsExtensions on input line 456.
)
ABD: EveryShipout initializing macros

Package pgfplots Warning: running in backwards compatibility mode (unsuitable t
ick labels; missing features). Consider writing \pgfplotsset{compat=1.16} into 
your preamble.
 on input line 131.

*geometry* driver: auto-detecting
*geometry* detected driver: pdftex
*geometry* verbose mode - [ preamble ] result:
* driver: pdftex
* paper: <default>
* layout: <same size as paper>
* layoutoffset:(h,v)=(0.0pt,0.0pt)
* modes: 
* h-part:(L,W,R)=(92.14519pt, 430.00462pt, 92.14519pt)
* v-part:(T,H,B)=(95.39737pt, 556.47656pt, 143.09605pt)
* \paperwidth=614.295pt
* \paperheight=794.96999pt
* \textwidth=430.00462pt
* \textheight=556.47656pt
* \oddsidemargin=19.8752pt
* \evensidemargin=19.8752pt
* \topmargin=-17.32536pt
* \headheight=12.0pt
* \headsep=28.45274pt
* \topskip=12.0pt
* \footskip=30.0pt
* \marginparwidth=47.0pt
* \marginparsep=7.0pt
* \columnsep=10.0pt
* \skip\footins=10.8pt plus 4.0pt minus 2.0pt
* \hoffset=0.0pt
* \voffset=0.0pt
* \mag=1000
* \@twocolumnfalse
* \@twosidefalse
* \@mparswitchfalse
* \@reversemarginfalse
* (1in=72.27pt=25.4mm, 1cm=28.453pt)

\AtBeginShipoutBox=\box81
Package hyperref Info: Link coloring ON on input line 131.
("C:\Program Files\MiKTeX 2.9\tex/latex/hyperref\nameref.sty"
Package: nameref 2019/09/12 v2.45 Cross-referencing by name of section

("C:\Program Files\MiKTeX 2.9\tex/generic/oberdiek\gettitlestring.sty"
Package: gettitlestring 2016/05/16 v1.5 Cleanup title references (HO)
)
\c@section@level=\count330
)
LaTeX Info: Redefining \ref on input line 131.
LaTeX Info: Redefining \pageref on input line 131.
LaTeX Info: Redefining \nameref on input line 131.

(Francois_Dissertation_Final01.out) (Francois_Dissertation_Final01.out)
\@outlinefile=\write7
\openout7 = `Francois_Dissertation_Final01.out'.

<background.png, id=224, 451.6875pt x 313.9228pt>
File: background.png Graphic file (type png)
<use background.png>
Package pdftex.def Info: background.png  used on input line 182.
(pdftex.def)             Requested size: 451.68639pt x 313.92203pt.

[1


{C:/Users/aswartz/AppData/Local/MiKTeX/2.9/pdftex/config/pdftex.map} <./backgro
und.png>] (Francois_Dissertation_Final01.toc
LaTeX Font Info:    Try loading font information for OML+lmm on input line 4.

("C:\Program Files\MiKTeX 2.9\tex/latex/lm\omllmm.fd"
File: omllmm.fd 2009/10/30 v1.6 Font defs for Latin Modern
)
LaTeX Font Info:    Try loading font information for OMS+lmsy on input line 4.

("C:\Program Files\MiKTeX 2.9\tex/latex/lm\omslmsy.fd"
File: omslmsy.fd 2009/10/30 v1.6 Font defs for Latin Modern
)
LaTeX Font Info:    Try loading font information for OMX+lmex on input line 4.

("C:\Program Files\MiKTeX 2.9\tex/latex/lm\omxlmex.fd"
File: omxlmex.fd 2009/10/30 v1.6 Font defs for Latin Modern
)
LaTeX Font Info:    External font `lmex10' loaded for size
(Font)              <12> on input line 4.
LaTeX Font Info:    External font `lmex10' loaded for size
(Font)              <8> on input line 4.
LaTeX Font Info:    External font `lmex10' loaded for size
(Font)              <6> on input line 4.
LaTeX Font Info:    Try loading font information for U+lasy on input line 4.

("C:\Program Files\MiKTeX 2.9\tex/latex/base\ulasy.fd"
File: ulasy.fd 1998/08/17 v2.2e LaTeX symbol font definitions
)
LaTeX Font Info:    Try loading font information for U+msa on input line 4.

("C:\Program Files\MiKTeX 2.9\tex/latex/amsfonts\umsa.fd"
File: umsa.fd 2013/01/14 v3.01 AMS symbols A
)
LaTeX Font Info:    Try loading font information for U+msb on input line 4.

("C:\Program Files\MiKTeX 2.9\tex/latex/amsfonts\umsb.fd"
File: umsb.fd 2013/01/14 v3.01 AMS symbols B
)
LaTeX Font Info:    Try loading font information for U+rsfs on input line 4.

("C:\Program Files\MiKTeX 2.9\tex/latex/jknappen\ursfs.fd"
File: ursfs.fd 1998/03/24 rsfs font definition file (jk)
) [1


] [2])
\tf@toc=\write8
\openout8 = `Francois_Dissertation_Final01.toc'.

 [3]
Underfull \hbox (badness 10000) in paragraph at lines 201--202

 []


Underfull \hbox (badness 10000) in paragraph at lines 203--204

 []

<Handtekening.png, id=304, 647.41875pt x 551.05875pt>
File: Handtekening.png Graphic file (type png)
<use Handtekening.png>
Package pdftex.def Info: Handtekening.png  used on input line 206.
(pdftex.def)             Requested size: 97.10861pt x 82.65524pt.
LaTeX Font Info:    Try loading font information for OMS+lmr on input line 212.

("C:\Program Files\MiKTeX 2.9\tex/latex/lm\omslmr.fd"
File: omslmr.fd 2009/10/30 v1.6 Font defs for Latin Modern
)
LaTeX Font Info:    Font shape `OMS/lmr/m/n' in size <12> not available
(Font)              Font shape `OMS/lmsy/m/n' tried instead on input line 212.
 [4

 <./Handtekening.png>]

Package hyperref Warning: The anchor of a bookmark and its parent's must not
(hyperref)                be the same. Added a new anchor on input line 219.

[5

] [6] [7] [8

]pdfTeX warning (ext4): destination with the same identifier (name{page.1}) has
 been already used, duplicate ignored
<to be read again> 
                   \relax 
l.388 
       [1


]
Underfull \hbox (badness 10000) in paragraph at lines 396--400

 []


Underfull \hbox (badness 10000) in paragraph at lines 408--414

 []


Underfull \hbox (badness 10000) in paragraph at lines 430--432

 []

[2] [3] [4] [5]
Chapter 1.
[6

] [7]
Underfull \hbox (badness 10000) in paragraph at lines 555--558

 []


Underfull \hbox (badness 10000) in paragraph at lines 588--589

 []


Underfull \hbox (badness 10000) in paragraph at lines 593--596

 []

[8]
Underfull \hbox (badness 10000) in paragraph at lines 616--617

 []


Underfull \hbox (badness 10000) in paragraph at lines 621--622

 []


Underfull \hbox (badness 10000) in paragraph at lines 640--641

 []

[9]
Underfull \hbox (badness 10000) in paragraph at lines 658--659

 []

[10]
Underfull \hbox (badness 10000) in paragraph at lines 738--739

 []


Underfull \hbox (badness 10000) in paragraph at lines 748--749

 []

[11]
Underfull \hbox (badness 10000) in paragraph at lines 757--766

 []

pdfTeX warning (ext4): destination with the same identifier (name{theorem.1.2.1
}) has been already used, duplicate ignored
<to be read again> 
                   \relax 
l.767 \begin{definition}
                        [\cite{G1},  p. 114]pdfTeX warning (ext4): destination 
with the same identifier (name{theorem.1.2.2}) has been already used, duplicate
 ignored
<to be read again> 
                   \relax 
l.773 \begin{theorem}
                      [\cite{G1}, p. 115]\label{SubringTest}
Underfull \hbox (badness 10000) in paragraph at lines 775--777

 []

pdfTeX warning (ext4): destination with the same identifier (name{theorem.1.2.3
}) has been already used, duplicate ignored
<to be read again> 
                   \relax 
l.779 \begin{definition}
                        [\cite{G1},  p. 117]pdfTeX warning (ext4): destination 
with the same identifier (name{theorem.1.2.4}) has been already used, duplicate
 ignored
<to be read again> 
                   \relax 
l.792 \begin{lemma}
                    \label{ProperIdeal}pdfTeX warning (ext4): destination with 
the same identifier (name{theorem.1.2.5}) has been already used, duplicate igno
red
<to be read again> 
                   \relax 
l.801 \begin{definition}
                        [\cite{F}, p. 322] [12]pdfTeX warning (ext4): destinati
on with the same identifier (name{theorem.1.2.6}) has been already used, duplic
ate ignored
<to be read again> 
                   \relax 
l.810 \begin{proposition}
                         [\cite{G1}, p. 118] \label{QuotientRings}pdfTeX warnin
g (ext4): destination with the same identifier (name{theorem.1.2.7}) has been a
lready used, duplicate ignored
<to be read again> 
                   \relax 
l.821 \begin{remark}
                    
Underfull \hbox (badness 10000) in paragraph at lines 823--828

 []

pdfTeX warning (ext4): destination with the same identifier (name{theorem.1.2.8
}) has been already used, duplicate ignored
<to be read again> 
                   \relax 
l.832 \begin{theorem}
                     [\cite{R1}, p. 347] \label{Krull} \textup{(Krull's Theo...

Underfull \hbox (badness 10000) in paragraph at lines 832--833

 []

pdfTeX warning (ext4): destination with the same identifier (name{theorem.1.2.1
}) has been already used, duplicate ignored
<to be read again> 
                   \relax 
l.841 \begin{definition}
                        [\cite{L1}, p. 50] [13]pdfTeX warning (ext4): destinati
on with the same identifier (name{theorem.1.2.2}) has been already used, duplic
ate ignored
<to be read again> 
                   \relax 
l.855 \begin{proposition}
                         [\cite{L1}, Lemma 4.1 - p. 50] \label{RadCharacter}
Underfull \hbox (badness 10000) in paragraph at lines 861--862

 []

pdfTeX warning (ext4): destination with the same identifier (name{theorem.1.2.3
}) has been already used, duplicate ignored
<to be read again> 
                   \relax 
l.865 \begin{definition}
                        [\cite{L1}, p. 52] \label{dfnSemisimpleRing}pdfTeX warn
ing (ext4): destination with the same identifier (name{theorem.1.2.4}) has been
 already used, duplicate ignored
<to be read again> 
                   \relax 
l.871 \begin{example}
                      \label{ZisSemisimple}
Underfull \hbox (badness 10000) in paragraph at lines 873--880

 []

pdfTeX warning (ext4): destination with the same identifier (name{theorem.1.2.5
}) has been already used, duplicate ignored
<to be read again> 
                   \relax 
l.883 \begin{definition}
                        [\cite{L1}, p. 279] \label{dfnLocalRing}pdfTeX warning 
(ext4): destination with the same identifier (name{theorem.1.2.6}) has been alr
eady used, duplicate ignored
<to be read again> 
                   \relax 
l.891 \begin{proposition}
                          \label{chrLocalRing}
Underfull \hbox (badness 10000) in paragraph at lines 897--900

 []

pdfTeX warning (ext4): destination with the same identifier (name{theorem.1.2.7
}) has been already used, duplicate ignored
<to be read again> 
                   \relax 
l.901 \begin{proposition}
                          \label{UniqueMaxIdeal} [14]
Underfull \hbox (badness 10000) in paragraph at lines 915--920

 []

pdfTeX warning (ext4): destination with the same identifier (name{theorem.1.2.8
}) has been already used, duplicate ignored
<to be read again> 
                   \relax 
l.921 \begin{example}
                     [\cite{S}, p. 3] \label{exmFormalPowerSer} [15]
Underfull \hbox (badness 10000) in paragraph at lines 960--962

 []

pdfTeX warning (ext4): destination with the same identifier (name{theorem.1.2.9
}) has been already used, duplicate ignored
<to be read again> 
                   \relax 
l.964 \begin{lemma}
                   [\cite{L1}, p. 8] \label{leadingCoefficient}
Underfull \hbox (badness 10000) in paragraph at lines 994--995

 []

pdfTeX warning (ext4): destination with the same identifier (name{theorem.1.2.1
0}) has been already used, duplicate ignored
<to be read again> 
                   \relax 
l.996 \begin{example}
                      [16]pdfTeX warning (ext4): destination with the same iden
tifier (name{theorem.1.2.11}) has been already used, duplicate ignored
<to be read again> 
                   \relax 
l.1028 \begin{proposition}
                          
Underfull \hbox (badness 10000) in paragraph at lines 1033--1044

 []

pdfTeX warning (ext4): destination with the same identifier (name{theorem.1.2.1
}) has been already used, duplicate ignored
<to be read again> 
                   \relax 
l.1046 \begin{definition}
                         [\cite{G1}, p. 121] [17]pdfTeX warning (ext4): destina
tion with the same identifier (name{theorem.1.2.2}) has been already used, dupl
icate ignored
<to be read again> 
                   \relax 
l.1055 \begin{definition}
                         [\cite{G1}, p. 125]pdfTeX warning (ext4): destination 
with the same identifier (name{theorem.1.2.3}) has been already used, duplicate
 ignored
<to be read again> 
                   \relax 
l.1062 \begin{proposition}
                          [\cite{G1}, p. 124] \label{RingHomomOnto}
Underfull \hbox (badness 10000) in paragraph at lines 1064--1066

 []

pdfTeX warning (ext4): destination with the same identifier (name{theorem.1.2.4
}) has been already used, duplicate ignored
<to be read again> 
                   \relax 
l.1067 \begin{proposition}
                          [\cite{G1}, p. 125] \label{KerIsAnIdeal}
Underfull \hbox (badness 10000) in paragraph at lines 1069--1071

 []

pdfTeX warning (ext4): destination with the same identifier (name{theorem.1.2.5
}) has been already used, duplicate ignored
<to be read again> 
                   \relax 
l.1073 \begin{remark}
                     
Underfull \hbox (badness 10000) in paragraph at lines 1082--1085

 []

[18]
Underfull \hbox (badness 10000) in paragraph at lines 1121--1123

 []


Underfull \hbox (badness 10000) in paragraph at lines 1127--1129

 []


Underfull \hbox (badness 10000) in paragraph at lines 1148--1151

 []

[19]
LaTeX Font Info:    External font `lmex10' loaded for size
(Font)              <17.28> on input line 1174.
LaTeX Font Info:    External font `lmex10' loaded for size
(Font)              <10> on input line 1174.
 [20] [21]
Underfull \hbox (badness 10000) in paragraph at lines 1263--1265

 []


Underfull \hbox (badness 10000) in paragraph at lines 1279--1285

 []

[22]
Underfull \hbox (badness 10000) in paragraph at lines 1351--1363

 []

pdfTeX warning (ext4): destination with the same identifier (name{theorem.1.3.1
}) has been already used, duplicate ignored
<to be read again> 
                   \relax 
l.1366 \begin{definition}
                          [\cite{W2}, p. 52]pdfTeX warning (ext4): destination 
with the same identifier (name{theorem.1.3.2}) has been already used, duplicate
 ignored
<to be read again> 
                   \relax 
l.1380 \begin{definition}
                         [\cite{W2}, p. 53] [23]pdfTeX warning (ext4): destinat
ion with the same identifier (name{theorem.1.3.3}) has been already used, dupli
cate ignored
<to be read again> 
                   \relax 
l.1409 \begin{proposition}
                          [\cite{W2}, p. 54]
Underfull \hbox (badness 10000) in paragraph at lines 1411--1414

 []

pdfTeX warning (ext4): destination with the same identifier (name{theorem.1.3.4
}) has been already used, duplicate ignored
<to be read again> 
                   \relax 
l.1416 \begin{definition}
                         [\cite{W2}, p. 59]pdfTeX warning (ext4): destination w
ith the same identifier (name{theorem.1.3.5}) has been already used, duplicate 
ignored
<to be read again> 
                   \relax 
l.1429 \begin{theorem}
                      [\cite{W2}, p. 59] \label{QuotientTopology} [24]
Underfull \hbox (badness 10000) in paragraph at lines 1431--1434

 []

pdfTeX warning (ext4): destination with the same identifier (name{theorem.1.3.1
}) has been already used, duplicate ignored
<to be read again> 
                   \relax 
l.1439 \begin{definition}
                         [\cite{W2}, p. 85] \label{defnT0}pdfTeX warning (ext4)
: destination with the same identifier (name{theorem.1.3.2}) has been already u
sed, duplicate ignored
<to be read again> 
                   \relax 
l.1445 \begin{definition}
                         [\cite{W2}, p. 86] \label{defnT1}pdfTeX warning (ext4)
: destination with the same identifier (name{theorem.1.3.3}) has been already u
sed, duplicate ignored
<to be read again> 
                   \relax 
l.1451 \begin{definition}
                         [\cite{W2}, p. 86]\label{defnT2}pdfTeX warning (ext4):
 destination with the same identifier (name{theorem.1.3.4}) has been already us
ed, duplicate ignored
<to be read again> 
                   \relax 
l.1458 \begin{remark}
                      \label{T0T1T2}pdfTeX warning (ext4): destination with the
 same identifier (name{theorem.1.3.5}) has been already used, duplicate ignored

<to be read again> 
                   \relax 
l.1473 \begin{proposition}
                          [\cite{W2}, p. 86] \label{SeparationEquiv}
Underfull \hbox (badness 10000) in paragraph at lines 1479--1480

 []

pdfTeX warning (ext4): destination with the same identifier (name{theorem.1.3.1
}) has been already used, duplicate ignored
<to be read again> 
                   \relax 
l.1485 \begin{definition}
                         [\cite{W2}, p. 44] \label{defnContinuity} [25]pdfTeX w
arning (ext4): destination with the same identifier (name{theorem.1.3.2}) has b
een already used, duplicate ignored
<to be read again> 
                   \relax 
l.1492 \begin{proposition}
                          [\cite{W2}, p. 44] \label{charContinuity}
Underfull \hbox (badness 10000) in paragraph at lines 1503--1504

 []

pdfTeX warning (ext4): destination with the same identifier (name{theorem.1.3.3
}) has been already used, duplicate ignored
<to be read again> 
                   \relax 
l.1507 \begin{definition}
                         [\cite{W2}, p. 46]pdfTeX warning (ext4): destination w
ith the same identifier (name{theorem.1.3.1}) has been already used, duplicate 
ignored
<to be read again> 
                   \relax 
l.1520 \begin{definition}
                         [\cite{W2}, p. 104]pdfTeX warning (ext4): destination 
with the same identifier (name{theorem.1.3.2}) has been already used, duplicate
 ignored
<to be read again> 
                   \relax 
l.1528 \begin{definition}
                         [\cite{W2}, p. 116] [26]
Underfull \hbox (badness 10000) in paragraph at lines 1567--1570

 []


Underfull \hbox (badness 10000) in paragraph at lines 1581--1582

 []


Underfull \hbox (badness 10000) in paragraph at lines 1586--1587

 []

[27] [28]
Underfull \hbox (badness 10000) in paragraph at lines 1653--1654

 []


Underfull \hbox (badness 10000) in paragraph at lines 1660--1663

 []


Underfull \hbox (badness 10000) in paragraph at lines 1667--1669

 []


Underfull \hbox (badness 10000) in paragraph at lines 1680--1681

 []

pdfTeX warning (ext4): destination with the same identifier (name{theorem.1.5.1
}) has been already used, duplicate ignored
<to be read again> 
                   \relax 
l.1685 \begin{definition}
                         [\cite{H1}, p. 341]pdfTeX warning (ext4): destination 
with the same identifier (name{theorem.1.5.2}) has been already used, duplicate
 ignored
<to be read again> 
                   \relax 
l.1694 \begin{definition}
                         [\cite{H1}, p. 352] [29]pdfTeX warning (ext4): destina
tion with the same identifier (name{theorem.1.5.3}) has been already used, dupl
icate ignored
<to be read again> 
                   \relax 
l.1703 \begin{theorem}
                      [\cite{A}, Theorem 3.2.8 p. 38] \label{SpectrumCompact}
Underfull \hbox (badness 10000) in paragraph at lines 1713--1714

 []

pdfTeX warning (ext4): destination with the same identifier (name{theorem.1.5.4
}) has been already used, duplicate ignored
<to be read again> 
                   \relax 
l.1716 \begin{definition}
                         [\cite{H1}, p. 251]pdfTeX warning (ext4): destination 
with the same identifier (name{theorem.1.5.5}) has been already used, duplicate
 ignored
<to be read again> 
                   \relax 
l.1724 \begin{proposition}
                          [\cite{H1}, p. 354] \label{QNs}
Underfull \hbox (badness 10000) in paragraph at lines 1726--1728

 []

pdfTeX warning (ext4): destination with the same identifier (name{theorem.1.5.6
}) has been already used, duplicate ignored
<to be read again> 
                   \relax 
l.1733 \begin{definition}
                         [\cite{G2}, p. 72]
Underfull \hbox (badness 10000) in paragraph at lines 1741--1744

 []


Underfull \hbox (badness 10000) in paragraph at lines 1751--1758

 []

[30] [31]pdfTeX warning (ext4): destination with the same identifier (name{theo
rem.1.5.1}) has been already used, duplicate ignored
<to be read again> 
                   \relax 
l.1803 \begin{example}
                       [\cite{BMSW}, p. 3]
Underfull \hbox (badness 10000) in paragraph at lines 1818--1819

 []

pdfTeX warning (ext4): destination with the same identifier (name{theorem.1.5.2
}) has been already used, duplicate ignored
<to be read again> 
                   \relax 
l.1820 \begin{definition}
                          [\cite{Muller}, p. 149]
Overfull \hbox (13.59436pt too wide) in paragraph at lines 1822--1823
[]\OT1/lmr/m/n/12 Let $\OML/lmm/m/it/12 X; Y$ \OT1/lmr/m/n/12 be Banach spaces,
 and let $\OML/lmm/m/it/12 T \OMS/lmsy/m/n/12 2 []\OT1/lmr/m/n/12 (\OML/lmm/m/i
t/12 X; Y\OT1/lmr/m/n/12 )$.
 []

pdfTeX warning (ext4): destination with the same identifier (name{theorem.1.5.3
}) has been already used, duplicate ignored
<to be read again> 
                   \relax 
l.1830 \begin{definition}
                         [\cite{Muller}, p. 150]
Overfull \hbox (10.06926pt too wide) in paragraph at lines 1832--1834
[]\OT1/lmr/m/n/12 Let $\OML/lmm/m/it/12 X; Y$ \OT1/lmr/m/n/12 be Banach spaces 
and let $\OML/lmm/m/it/12 T \OMS/lmsy/m/n/12 2 []\OT1/lmr/m/n/12 (\OML/lmm/m/it
/12 X; Y\OT1/lmr/m/n/12 )$.
 []

[32]pdfTeX warning (ext4): destination with the same identifier (name{theorem.1
.5.4}) has been already used, duplicate ignored
<to be read again> 
                   \relax 
l.1850 \begin{definition}
                         [\cite{TL}, p. 251]pdfTeX warning (ext4): destination 
with the same identifier (name{theorem.1.5.5}) has been already used, duplicate
 ignored
<to be read again> 
                   \relax 
l.1878 \begin{theorem}
                       [\cite{BMSW}, p. 3] [33]
Chapter 2.

Underfull \hbox (badness 10000) in paragraph at lines 1927--1932

 []

[34

] [35]
Underfull \hbox (badness 10000) in paragraph at lines 1991--1995

 []


Underfull \hbox (badness 10000) in paragraph at lines 2004--2014

 []

[36pdfTeX warning (ext4): destination with the same identifier (name{theorem.2.
2.1}) has been already used, duplicate ignored

\@EveryShipout@Output ...@Org@Shipout \box \@cclv 
                                                  
l.2050  \end{center}
                    ]
Underfull \hbox (badness 10000) in paragraph at lines 2051--2053

 []

[37]
Underfull \hbox (badness 10000) in paragraph at lines 2110--2113

 []


Underfull \hbox (badness 10000) in paragraph at lines 2146--2150

 []

[38]pdfTeX warning (ext4): destination with the same identifier (name{theorem.2
.2.1}) has been already used, duplicate ignored
<to be read again> 
                   \relax 
l.2155 \begin{proposition}
                           \label{ClosureOfProducts}
Underfull \hbox (badness 10000) in paragraph at lines 2180--2181

 []

[39] [40]
Underfull \hbox (badness 10000) in paragraph at lines 2276--2277

 []

[41] [42]
Underfull \hbox (badness 10000) in paragraph at lines 2362--2368

 []

[43] [44]
Underfull \hbox (badness 10000) in paragraph at lines 2440--2442

 []


Underfull \hbox (badness 10000) in paragraph at lines 2454--2455

 []


Underfull \hbox (badness 10000) in paragraph at lines 2472--2474

 []

[45] [46]
Underfull \hbox (badness 10000) in paragraph at lines 2554--2557

 []

pdfTeX warning (ext4): destination with the same identifier (name{theorem.2.3.1
}) has been already used, duplicate ignored
<to be read again> 
                   \relax 
l.2562 \begin{lemma}
                    [\cite{A} - Theorem 3.1.5, p. 35] \label{InvertsInQuotient}

Overfull \hbox (38.36002pt too wide) in paragraph at lines 2564--2566
[]\OT1/lmr/m/n/12 Let $\OML/lmm/m/it/12 R$ \OT1/lmr/m/n/12 be a ring. Then $[\O
ML/lmm/m/it/12 x\OT1/lmr/m/n/12 ] \OMS/lmsy/m/n/12 2 \OT1/lmr/m/n/12 (\OML/lmm/
m/it/12 R= [] R\OT1/lmr/m/n/12 )[]$
 []


Underfull \hbox (badness 10000) in paragraph at lines 2564--2566

 []

pdfTeX warning (ext4): destination with the same identifier (name{theorem.2.3.2
}) has been already used, duplicate ignored
<to be read again> 
                   \relax 
l.2567 \begin{proposition}
                           \label{aInClosureIffEqAInClosure} [47]pdfTeX warning
 (ext4): destination with the same identifier (name{theorem.2.3.3}) has been al
ready used, duplicate ignored
<to be read again> 
                   \relax 
l.2604 \begin{proposition}
                          \label{KClosedIffPiKClosed}
Underfull \hbox (badness 10000) in paragraph at lines 2611--2616

 []

pdfTeX warning (ext4): destination with the same identifier (name{theorem.2.3.4
}) has been already used, duplicate ignored
<to be read again> 
                   \relax 
l.2619 \begin{proposition}
                           \label{PiIsContinuous} [48]pdfTeX warning (ext4): de
stination with the same identifier (name{theorem.2.3.5}) has been already used,
 duplicate ignored
<to be read again> 
                   \relax 
l.2646 \begin{proposition}
                          
Overfull \hbox (3.2052pt too wide) in paragraph at lines 2648--2649
[]\OT1/lmr/m/n/12 Let $\OML/lmm/m/it/12 R$ \OT1/lmr/m/n/12 be a ring. The spec-
tral to-po-logy on $\OML/lmm/m/it/12 R= [] R; []$\OT1/lmr/m/n/12 ,
 []


Underfull \hbox (badness 10000) in paragraph at lines 2653--2657

 []

pdfTeX warning (ext4): destination with the same identifier (name{theorem.2.3.6
}) has been already used, duplicate ignored
<to be read again> 
                   \relax 
l.2660 \begin{proposition}
                          [\cite{CH3}, p. 270] \label{finiteModuloTheRadical}
Underfull \hbox (badness 10000) in paragraph at lines 2665--2666

 []

pdfTeX warning (ext4): destination with the same identifier (name{theorem.2.3.7
}) has been already used, duplicate ignored
<to be read again> 
                   \relax 
l.2670 \begin{theorem}
                      [\cite{CH3}, p. 270]
Underfull \hbox (badness 10000) in paragraph at lines 2679--2680

 []

[49]
Chapter 3.
[50

]
Underfull \hbox (badness 10000) in paragraph at lines 2740--2748

 []

[51]
Underfull \hbox (badness 10000) in paragraph at lines 2775--2780

 []


Underfull \hbox (badness 10000) in paragraph at lines 2785--2787

 []


Underfull \hbox (badness 10000) in paragraph at lines 2795--2801

 []

[52]
Underfull \hbox (badness 10000) in paragraph at lines 2857--2860

 []

[53]
Underfull \hbox (badness 10000) in paragraph at lines 2921--2923

 []

[54] [55]
Chapter 4.

Underfull \hbox (badness 10000) in paragraph at lines 2958--2961

 []

[56

]
Underfull \hbox (badness 10000) in paragraph at lines 3033--3044

 []

[57] [58]
Chapter 5.

Package hyperref Warning: Token not allowed in a PDF string (PDFDocEncoding):
(hyperref)                removing `\newline' on input line 3050.


Overfull \hbox (2.17989pt too wide) in paragraph at lines 3080--3081
[]\OT1/lmr/m/n/12 Let $\OML/lmm/m/it/12 R$ \OT1/lmr/m/n/12 be a ring. The \OT1/
lmr/m/sl/12 idem-potent
 []

[59

]
Underfull \hbox (badness 10000) in paragraph at lines 3095--3103

 []


Underfull \hbox (badness 10000) in paragraph at lines 3121--3123

 []

[60]
Underfull \hbox (badness 10000) in paragraph at lines 3144--3153

 []


Overfull \hbox (7.88419pt too wide) in paragraph at lines 3157--3159
[]\OT1/lmr/m/n/12 Let $\OML/lmm/m/it/12 A$ \OT1/lmr/m/n/12 be a Banach al-gebra
. Then $0 \OMS/lmsy/m/n/12 62 []\OT1/lmr/m/n/12 (\OML/lmm/m/it/12 \OT1/lmr/m/n
/12 (\OML/lmm/m/it/12 a\OT1/lmr/m/n/12 ))  =[]\OMS/lmsy/m/n/12 )
 []


Underfull \hbox (badness 10000) in paragraph at lines 3178--3179

 []

[61]
Chapter 6.
[62

]
Overfull \hbox (1.07655pt too wide) in paragraph at lines 3235--3237
[]\OT1/lmr/m/n/12 Necessary and suf-fi-cient for the
 []


Overfull \hbox (0.69374pt too wide) in paragraph at lines 3235--3237
\OT1/lmr/m/n/12 Gel-fand ho-mo-morph-ism $\OML/lmm/m/it/12 T \OT1/lmr/m/n/12 : 
\OML/lmm/m/it/12 R[] \OMS/lmsy/m/n/12 ! \OML/lmm/m/it/12 R[]$ \OT1/lmr/m/n/12 o
n $\OML/lmm/m/it/12 R[]$ \OT1/lmr/m/n/12 to be one-to-one, is that $\OML/lmm/m/
it/12 R[]$ \OT1/lmr/m/n/12 is semisimple. 
 []


Overfull \hbox (8.09407pt too wide) in paragraph at lines 3252--3256
\OT1/lmr/m/n/12 Next, we show that $\OML/lmm/m/it/12 T$\OT1/lmr/m/n/12 -Weyl el
e-ments are also $\OML/lmm/m/it/12 T$\OT1/lmr/m/n/12 -Fredholm by show-ing $\OM
L/lmm/m/it/12 R[] \OT1/lmr/m/n/12 + \OML/lmm/m/it/12 T[]\OT1/lmr/m/n/12 (\OMS/l
msy/m/n/12 f\OT1/lmr/m/n/12 0\OMS/lmsy/m/n/12 g\OT1/lmr/m/n/12 ) \OMS/lmsy/m/n/
12 
 []


Underfull \hbox (badness 10000) in paragraph at lines 3265--3266

 []

[63]
Underfull \hbox (badness 10000) in paragraph at lines 3310--3313

 []


Underfull \hbox (badness 10000) in paragraph at lines 3333--3335

 []

[64]
Underfull \hbox (badness 10000) in paragraph at lines 3372--3374

 []


Underfull \hbox (badness 10000) in paragraph at lines 3377--3381

 []

[65]
Underfull \hbox (badness 10000) in paragraph at lines 3387--3390

 []


Package hyperref Warning: Token not allowed in a PDF string (PDFDocEncoding):
(hyperref)                removing `\newline' on input line 3399.


Underfull \hbox (badness 10000) in paragraph at lines 3427--3432

 []

[66]
Underfull \hbox (badness 10000) in paragraph at lines 3476--3480

 []

[67]
Chapter 7.
[68

]
Underfull \hbox (badness 10000) in paragraph at lines 3540--3544

 []


Underfull \hbox (badness 10000) in paragraph at lines 3554--3556

 []

[69]
Underfull \hbox (badness 10000) in paragraph at lines 3632--3636

 []

[70] [71]
Underfull \hbox (badness 10000) in paragraph at lines 3698--3703

 []

[72]
Chapter 8.
[73

] [74] [75] [76]
Underfull \hbox (badness 10000) in paragraph at lines 3915--3916

 []

[77

]
Underfull \hbox (badness 10000) in paragraph at lines 4124--4125

 []

[78]
Underfull \hbox (badness 10000) in paragraph at lines 4265--4266

 []


Underfull \hbox (badness 10000) in paragraph at lines 4287--4288

 []

[79] [80

] [81] [82]
Package atveryend Info: Empty hook `BeforeClearDocument' on input line 4440.
Package atveryend Info: Empty hook `AfterLastShipout' on input line 4440.
 (Francois_Dissertation_Final01.aux)
Package atveryend Info: Executing hook `AtVeryEndDocument' on input line 4440.
Package atveryend Info: Executing hook `AtEndAfterFileList' on input line 4440.

Package rerunfilecheck Info: File `Francois_Dissertation_Final01.out' has not c
hanged.
(rerunfilecheck)             Checksum: 3EC905F36E1D398D89928F805880AF78;3769.
 ) 
Here is how much of TeX's memory you used:
 45831 strings out of 492895
 1038098 string characters out of 3133473
 1341381 words of memory out of 3000000
 48688 multiletter control sequences out of 15000+200000
 583458 words of font info for 76 fonts, out of 3000000 for 9000
 1141 hyphenation exceptions out of 8191
 74i,14n,96p,1254b,801s stack positions out of 5000i,500n,10000p,200000b,50000s
{C:/Program Files/MiKTeX 2.9/fonts/enc/dvips/lm/lm-mathsy.enc}{C:/Program Fil
es/MiKTeX 2.9/fonts/enc/dvips/lm/lm-mathit.enc}{C:/Program Files/MiKTeX 2.9/fon
ts/enc/dvips/lm/lm-rm.enc}{C:/Program Files/MiKTeX 2.9/fonts/enc/dvips/lm/lm-ma
thex.enc}<C:/Program Files/MiKTeX 2.9/fonts/type1/public/amsfonts/latxfont/lasy
10.pfb><C:/Program Files/MiKTeX 2.9/fonts/type1/public/lm/lmbx12.pfb><C:/Progra
m Files/MiKTeX 2.9/fonts/type1/public/lm/lmex10.pfb><C:/Program Files/MiKTeX 2.
9/fonts/type1/public/lm/lmmi12.pfb><C:/Program Files/MiKTeX 2.9/fonts/type1/pub
lic/lm/lmmi6.pfb><C:/Program Files/MiKTeX 2.9/fonts/type1/public/lm/lmmi8.pfb><
C:/Program Files/MiKTeX 2.9/fonts/type1/public/lm/lmr12.pfb><C:/Program Files/M
iKTeX 2.9/fonts/type1/public/lm/lmr6.pfb><C:/Program Files/MiKTeX 2.9/fonts/typ
e1/public/lm/lmr8.pfb><C:/Program Files/MiKTeX 2.9/fonts/type1/public/lm/lmri12
.pfb><C:/Program Files/MiKTeX 2.9/fonts/type1/public/lm/lmro12.pfb><C:/Program 
Files/MiKTeX 2.9/fonts/type1/public/lm/lmsy10.pfb><C:/Program Files/MiKTeX 2.9/
fonts/type1/public/lm/lmsy6.pfb><C:/Program Files/MiKTeX 2.9/fonts/type1/public
/lm/lmsy8.pfb><C:/Program Files/MiKTeX 2.9/fonts/type1/public/amsfonts/symbols/
msam10.pfb><C:/Program Files/MiKTeX 2.9/fonts/type1/public/amsfonts/symbols/msb
m10.pfb><C:/Program Files/MiKTeX 2.9/fonts/type1/public/rsfs/rsfs10.pfb>
Output written on Francois_Dissertation_Final01.pdf (91 pages, 777335 bytes).
PDF statistics:
 1393 PDF objects out of 1440 (max. 8388607)
 394 named destinations out of 1000 (max. 500000)
 463 words of extra memory for PDF output out of 10000 (max. 10000000)

